{"/home/travis/build/npmtest/node-npmtest-node-lambda/test.js":{"path":"/home/travis/build/npmtest/node-npmtest-node-lambda/test.js","s":{"1":2,"2":2,"3":2,"4":2,"5":2,"6":2,"7":2,"8":1,"9":2,"10":2,"11":1,"12":1,"13":1,"14":1,"15":2,"16":2,"17":2,"18":2,"19":1,"20":1,"21":2,"22":2,"23":2,"24":1,"25":1,"26":1,"27":1,"28":1,"29":1,"30":1,"31":1,"32":1,"33":1,"34":1,"35":1,"36":1,"37":1,"38":1,"39":2,"40":2,"41":1,"42":2,"43":2,"44":1,"45":2,"46":2,"47":1,"48":2,"49":2,"50":1,"51":1,"52":1,"53":1,"54":1},"b":{"1":[2,1,1,1],"2":[1,1,1,1],"3":[1,1],"4":[1,1],"5":[1,1],"6":[1,1],"7":[1,1],"8":[1,1],"9":[1,1],"10":[1,1,1],"11":[1,1],"12":[1,1],"13":[1,1],"14":[1,1],"15":[1,1],"16":[1,1],"17":[1,1]},"f":{"1":2,"2":2,"3":2,"4":2,"5":2,"6":1,"7":1,"8":1,"9":2,"10":2,"11":2,"12":2,"13":1},"fnMap":{"1":{"name":"(anonymous_1)","line":12,"loc":{"start":{"line":12,"column":1},"end":{"line":12,"column":13}}},"2":{"name":"(anonymous_2)","line":19,"loc":{"start":{"line":19,"column":5},"end":{"line":19,"column":17}}},"3":{"name":"(anonymous_3)","line":23,"loc":{"start":{"line":23,"column":24},"end":{"line":23,"column":36}}},"4":{"name":"(anonymous_4)","line":61,"loc":{"start":{"line":61,"column":5},"end":{"line":61,"column":17}}},"5":{"name":"(anonymous_5)","line":82,"loc":{"start":{"line":82,"column":5},"end":{"line":82,"column":17}}},"6":{"name":"(anonymous_6)","line":91,"loc":{"start":{"line":91,"column":77},"end":{"line":94,"column":10}}},"7":{"name":"(anonymous_7)","line":112,"loc":{"start":{"line":112,"column":83},"end":{"line":115,"column":10}},"skip":true},"8":{"name":"(anonymous_8)","line":123,"loc":{"start":{"line":123,"column":77},"end":{"line":126,"column":10}},"skip":true},"9":{"name":"(anonymous_9)","line":139,"loc":{"start":{"line":139,"column":12},"end":{"line":139,"column":40}},"skip":true},"10":{"name":"(anonymous_10)","line":147,"loc":{"start":{"line":147,"column":77},"end":{"line":150,"column":10}},"skip":true},"11":{"name":"(anonymous_11)","line":158,"loc":{"start":{"line":158,"column":83},"end":{"line":161,"column":10}},"skip":true},"12":{"name":"(anonymous_12)","line":169,"loc":{"start":{"line":169,"column":79},"end":{"line":172,"column":10}},"skip":true},"13":{"name":"(anonymous_13)","line":180,"loc":{"start":{"line":180,"column":75},"end":{"line":183,"column":10}},"skip":true}},"statementMap":{"1":{"start":{"line":12,"column":0},"end":{"line":195,"column":5}},"2":{"start":{"line":14,"column":4},"end":{"line":14,"column":14}},"3":{"start":{"line":19,"column":4},"end":{"line":56,"column":9}},"4":{"start":{"line":21,"column":8},"end":{"line":21,"column":19}},"5":{"start":{"line":23,"column":8},"end":{"line":35,"column":13}},"6":{"start":{"line":24,"column":12},"end":{"line":34,"column":13}},"7":{"start":{"line":25,"column":16},"end":{"line":28,"column":30}},"8":{"start":{"line":30,"column":16},"end":{"line":33,"column":27}},"9":{"start":{"line":37,"column":8},"end":{"line":39,"column":21}},"10":{"start":{"line":40,"column":8},"end":{"line":53,"column":9}},"11":{"start":{"line":43,"column":12},"end":{"line":46,"column":14}},"12":{"start":{"line":47,"column":12},"end":{"line":47,"column":18}},"13":{"start":{"line":50,"column":12},"end":{"line":51,"column":33}},"14":{"start":{"line":52,"column":12},"end":{"line":52,"column":18}},"15":{"start":{"line":55,"column":8},"end":{"line":55,"column":35}},"16":{"start":{"line":61,"column":4},"end":{"line":63,"column":9}},"17":{"start":{"line":62,"column":8},"end":{"line":62,"column":15}},"18":{"start":{"line":64,"column":4},"end":{"line":77,"column":5}},"19":{"start":{"line":70,"column":8},"end":{"line":70,"column":14}},"20":{"start":{"line":76,"column":8},"end":{"line":76,"column":14}},"21":{"start":{"line":82,"column":4},"end":{"line":84,"column":9}},"22":{"start":{"line":83,"column":8},"end":{"line":83,"column":15}},"23":{"start":{"line":85,"column":4},"end":{"line":194,"column":5}},"24":{"start":{"line":91,"column":8},"end":{"line":99,"column":10}},"25":{"start":{"line":98,"column":12},"end":{"line":98,"column":35}},"26":{"start":{"line":102,"column":8},"end":{"line":104,"column":63}},"27":{"start":{"line":105,"column":8},"end":{"line":105,"column":14}},"28":{"start":{"line":112,"column":8},"end":{"line":121,"column":10},"skip":true},"29":{"start":{"line":119,"column":12},"end":{"line":119,"column":55},"skip":true},"30":{"start":{"line":120,"column":12},"end":{"line":120,"column":48},"skip":true},"31":{"start":{"line":123,"column":8},"end":{"line":136,"column":10},"skip":true},"32":{"start":{"line":130,"column":12},"end":{"line":130,"column":76},"skip":true},"33":{"start":{"line":131,"column":12},"end":{"line":131,"column":73},"skip":true},"34":{"start":{"line":132,"column":12},"end":{"line":132,"column":74},"skip":true},"35":{"start":{"line":133,"column":12},"end":{"line":133,"column":79},"skip":true},"36":{"start":{"line":134,"column":12},"end":{"line":134,"column":25},"skip":true},"37":{"start":{"line":135,"column":12},"end":{"line":135,"column":45},"skip":true},"38":{"start":{"line":138,"column":8},"end":{"line":145,"column":14},"skip":true},"39":{"start":{"line":143,"column":16},"end":{"line":143,"column":29},"skip":true},"40":{"start":{"line":144,"column":16},"end":{"line":144,"column":55},"skip":true},"41":{"start":{"line":147,"column":8},"end":{"line":156,"column":10},"skip":true},"42":{"start":{"line":154,"column":12},"end":{"line":154,"column":25},"skip":true},"43":{"start":{"line":155,"column":12},"end":{"line":155,"column":45},"skip":true},"44":{"start":{"line":158,"column":8},"end":{"line":167,"column":10},"skip":true},"45":{"start":{"line":165,"column":12},"end":{"line":165,"column":25},"skip":true},"46":{"start":{"line":166,"column":12},"end":{"line":166,"column":48},"skip":true},"47":{"start":{"line":169,"column":8},"end":{"line":178,"column":10},"skip":true},"48":{"start":{"line":176,"column":12},"end":{"line":176,"column":25},"skip":true},"49":{"start":{"line":177,"column":12},"end":{"line":177,"column":46},"skip":true},"50":{"start":{"line":180,"column":8},"end":{"line":189,"column":10},"skip":true},"51":{"start":{"line":187,"column":12},"end":{"line":187,"column":94},"skip":true},"52":{"start":{"line":188,"column":12},"end":{"line":188,"column":48},"skip":true},"53":{"start":{"line":192,"column":8},"end":{"line":192,"column":35},"skip":true},"54":{"start":{"line":193,"column":8},"end":{"line":193,"column":14},"skip":true}},"branchMap":{"1":{"line":25,"type":"binary-expr","locations":[{"start":{"line":25,"column":23},"end":{"line":25,"column":62}},{"start":{"line":26,"column":20},"end":{"line":26,"column":70}},{"start":{"line":27,"column":20},"end":{"line":27,"column":71}},{"start":{"line":28,"column":20},"end":{"line":28,"column":29}}]},"2":{"line":30,"type":"binary-expr","locations":[{"start":{"line":30,"column":23},"end":{"line":30,"column":37}},{"start":{"line":31,"column":20},"end":{"line":31,"column":61}},{"start":{"line":32,"column":20},"end":{"line":32,"column":70}},{"start":{"line":33,"column":20},"end":{"line":33,"column":26}}]},"3":{"line":37,"type":"cond-expr","locations":[{"start":{"line":38,"column":14},"end":{"line":38,"column":20}},{"start":{"line":39,"column":14},"end":{"line":39,"column":20}}]},"4":{"line":40,"type":"switch","locations":[{"start":{"line":42,"column":8},"end":{"line":47,"column":18}},{"start":{"line":49,"column":8},"end":{"line":52,"column":18}}]},"5":{"line":44,"type":"binary-expr","locations":[{"start":{"line":44,"column":16},"end":{"line":44,"column":44}},{"start":{"line":44,"column":48},"end":{"line":44,"column":66}}]},"6":{"line":50,"type":"binary-expr","locations":[{"start":{"line":50,"column":21},"end":{"line":50,"column":49}},{"start":{"line":50,"column":53},"end":{"line":50,"column":72}}]},"7":{"line":64,"type":"switch","locations":[{"start":{"line":69,"column":4},"end":{"line":70,"column":14}},{"start":{"line":75,"column":4},"end":{"line":76,"column":14}}]},"8":{"line":85,"type":"switch","locations":[{"start":{"line":90,"column":4},"end":{"line":105,"column":14}},{"start":{"line":111,"column":4},"end":{"line":193,"column":14},"skip":true}]},"9":{"line":91,"type":"binary-expr","locations":[{"start":{"line":91,"column":42},"end":{"line":91,"column":73}},{"start":{"line":91,"column":77},"end":{"line":99,"column":9}}]},"10":{"line":102,"type":"binary-expr","locations":[{"start":{"line":102,"column":18},"end":{"line":102,"column":32}},{"start":{"line":103,"column":12},"end":{"line":103,"column":53}},{"start":{"line":104,"column":12},"end":{"line":104,"column":61}}]},"11":{"line":112,"type":"binary-expr","locations":[{"start":{"line":112,"column":45},"end":{"line":112,"column":79},"skip":true},{"start":{"line":112,"column":83},"end":{"line":121,"column":9},"skip":true}]},"12":{"line":123,"type":"binary-expr","locations":[{"start":{"line":123,"column":42},"end":{"line":123,"column":73},"skip":true},{"start":{"line":123,"column":77},"end":{"line":136,"column":9},"skip":true}]},"13":{"line":138,"type":"binary-expr","locations":[{"start":{"line":138,"column":48},"end":{"line":138,"column":85},"skip":true},{"start":{"line":139,"column":12},"end":{"line":145,"column":13},"skip":true}]},"14":{"line":147,"type":"binary-expr","locations":[{"start":{"line":147,"column":42},"end":{"line":147,"column":73},"skip":true},{"start":{"line":147,"column":77},"end":{"line":156,"column":9},"skip":true}]},"15":{"line":158,"type":"binary-expr","locations":[{"start":{"line":158,"column":45},"end":{"line":158,"column":79},"skip":true},{"start":{"line":158,"column":83},"end":{"line":167,"column":9},"skip":true}]},"16":{"line":169,"type":"binary-expr","locations":[{"start":{"line":169,"column":43},"end":{"line":169,"column":75},"skip":true},{"start":{"line":169,"column":79},"end":{"line":178,"column":9},"skip":true}]},"17":{"line":180,"type":"binary-expr","locations":[{"start":{"line":180,"column":41},"end":{"line":180,"column":71},"skip":true},{"start":{"line":180,"column":75},"end":{"line":189,"column":9},"skip":true}]}},"code":["/* istanbul instrument in package npmtest_node_lambda */","/*jslint","    bitwise: true,","    browser: true,","    maxerr: 8,","    maxlen: 96,","    node: true,","    nomen: true,","    regexp: true,","    stupid: true","*/","(function () {","    'use strict';","    var local;","","","","    // run shared js-env code - init-before","    (function () {","        // init local","        local = {};","        // init modeJs","        local.modeJs = (function () {","            try {","                return typeof navigator.userAgent === 'string' &&","                    typeof document.querySelector('body') === 'object' &&","                    typeof XMLHttpRequest.prototype.open === 'function' &&","                    'browser';","            } catch (errorCaughtBrowser) {","                return module.exports &&","                    typeof process.versions.node === 'string' &&","                    typeof require('http').createServer === 'function' &&","                    'node';","            }","        }());","        // init global","        local.global = local.modeJs === 'browser'","            ? window","            : global;","        switch (local.modeJs) {","        // re-init local from window.local","        case 'browser':","            local = local.global.utility2.objectSetDefault(","                local.global.utility2_rollup || local.global.local,","                local.global.utility2","            );","            break;","        // re-init local from example.js","        case 'node':","            local = (local.global.utility2_rollup || require('utility2'))","                .requireReadme();","            break;","        }","        // export local","        local.global.local = local;","    }());","","","","    // run shared js-env code - function","    (function () {","        return;","    }());","    switch (local.modeJs) {","","","","    // run browser js-env code - function","    case 'browser':","        break;","","","","    // run node js-env code - function","    case 'node':","        break;","    }","","","","    // run shared js-env code - init-after","    (function () {","        return;","    }());","    switch (local.modeJs) {","","","","    // run browser js-env code - init-after","    case 'browser':","        local.testCase_browser_nullCase = local.testCase_browser_nullCase || function (","            options,","            onError","        ) {","        /*","         * this function will test browsers's null-case handling-behavior-behavior","         */","            onError(null, options);","        };","","        // run tests","        local.nop(local.modeTest &&","            document.querySelector('#testRunButton1') &&","            document.querySelector('#testRunButton1').click());","        break;","","","","    // run node js-env code - init-after","    /* istanbul ignore next */","    case 'node':","        local.testCase_buildApidoc_default = local.testCase_buildApidoc_default || function (","            options,","            onError","        ) {","        /*","         * this function will test buildApidoc's default handling-behavior-behavior","         */","            options = { modulePathList: module.paths };","            local.buildApidoc(options, onError);","        };","","        local.testCase_buildApp_default = local.testCase_buildApp_default || function (","            options,","            onError","        ) {","        /*","         * this function will test buildApp's default handling-behavior-behavior","         */","            local.testCase_buildReadme_default(options, local.onErrorThrow);","            local.testCase_buildLib_default(options, local.onErrorThrow);","            local.testCase_buildTest_default(options, local.onErrorThrow);","            local.testCase_buildCustomOrg_default(options, local.onErrorThrow);","            options = [];","            local.buildApp(options, onError);","        };","","        local.testCase_buildCustomOrg_default = local.testCase_buildCustomOrg_default ||","            function (options, onError) {","            /*","             * this function will test buildCustomOrg's default handling-behavior","             */","                options = {};","                local.buildCustomOrg(options, onError);","            };","","        local.testCase_buildLib_default = local.testCase_buildLib_default || function (","            options,","            onError","        ) {","        /*","         * this function will test buildLib's default handling-behavior","         */","            options = {};","            local.buildLib(options, onError);","        };","","        local.testCase_buildReadme_default = local.testCase_buildReadme_default || function (","            options,","            onError","        ) {","        /*","         * this function will test buildReadme's default handling-behavior-behavior","         */","            options = {};","            local.buildReadme(options, onError);","        };","","        local.testCase_buildTest_default = local.testCase_buildTest_default || function (","            options,","            onError","        ) {","        /*","         * this function will test buildTest's default handling-behavior","         */","            options = {};","            local.buildTest(options, onError);","        };","","        local.testCase_webpage_default = local.testCase_webpage_default || function (","            options,","            onError","        ) {","        /*","         * this function will test webpage's default handling-behavior","         */","            options = { modeCoverageMerge: true, url: local.serverLocalHost + '?modeTest=1' };","            local.browserTest(options, onError);","        };","","        // run test-server","        local.testRunServer(local);","        break;","    }","}());",""],"l":{"12":2,"14":2,"19":2,"21":2,"23":2,"24":2,"25":2,"30":1,"37":2,"40":2,"43":1,"47":1,"50":1,"52":1,"55":2,"61":2,"62":2,"64":2,"70":1,"76":1,"82":2,"83":2,"85":2,"91":1,"98":1,"102":1,"105":1,"112":1,"119":1,"120":1,"123":1,"130":1,"131":1,"132":1,"133":1,"134":1,"135":1,"138":1,"143":2,"144":2,"147":1,"154":2,"155":2,"158":1,"165":2,"166":2,"169":1,"176":2,"177":2,"180":1,"187":1,"188":1,"192":1,"193":1}},"/home/travis/build/npmtest/node-npmtest-node-lambda/lib.npmtest_node_lambda.js":{"path":"/home/travis/build/npmtest/node-npmtest-node-lambda/lib.npmtest_node_lambda.js","s":{"1":2,"2":2,"3":2,"4":2,"5":2,"6":2,"7":2,"8":1,"9":2,"10":2,"11":2,"12":2,"13":1,"14":1,"15":1,"16":1},"b":{"1":[2,1,1,1],"2":[1,1,1,1],"3":[1,1],"4":[2,2],"5":[1,1]},"f":{"1":2,"2":2,"3":2},"fnMap":{"1":{"name":"(anonymous_1)","line":12,"loc":{"start":{"line":12,"column":1},"end":{"line":12,"column":13}}},"2":{"name":"(anonymous_2)","line":19,"loc":{"start":{"line":19,"column":5},"end":{"line":19,"column":17}}},"3":{"name":"(anonymous_3)","line":23,"loc":{"start":{"line":23,"column":24},"end":{"line":23,"column":36}}}},"statementMap":{"1":{"start":{"line":12,"column":0},"end":{"line":53,"column":5}},"2":{"start":{"line":14,"column":4},"end":{"line":14,"column":14}},"3":{"start":{"line":19,"column":4},"end":{"line":52,"column":9}},"4":{"start":{"line":21,"column":8},"end":{"line":21,"column":19}},"5":{"start":{"line":23,"column":8},"end":{"line":35,"column":13}},"6":{"start":{"line":24,"column":12},"end":{"line":34,"column":13}},"7":{"start":{"line":25,"column":16},"end":{"line":28,"column":30}},"8":{"start":{"line":30,"column":16},"end":{"line":33,"column":27}},"9":{"start":{"line":37,"column":8},"end":{"line":39,"column":21}},"10":{"start":{"line":41,"column":8},"end":{"line":41,"column":54}},"11":{"start":{"line":43,"column":8},"end":{"line":43,"column":56}},"12":{"start":{"line":45,"column":8},"end":{"line":51,"column":9}},"13":{"start":{"line":46,"column":12},"end":{"line":46,"column":62}},"14":{"start":{"line":48,"column":12},"end":{"line":48,"column":35}},"15":{"start":{"line":49,"column":12},"end":{"line":49,"column":49}},"16":{"start":{"line":50,"column":12},"end":{"line":50,"column":43}}},"branchMap":{"1":{"line":25,"type":"binary-expr","locations":[{"start":{"line":25,"column":23},"end":{"line":25,"column":62}},{"start":{"line":26,"column":20},"end":{"line":26,"column":70}},{"start":{"line":27,"column":20},"end":{"line":27,"column":71}},{"start":{"line":28,"column":20},"end":{"line":28,"column":29}}]},"2":{"line":30,"type":"binary-expr","locations":[{"start":{"line":30,"column":23},"end":{"line":30,"column":37}},{"start":{"line":31,"column":20},"end":{"line":31,"column":61}},{"start":{"line":32,"column":20},"end":{"line":32,"column":70}},{"start":{"line":33,"column":20},"end":{"line":33,"column":26}}]},"3":{"line":37,"type":"cond-expr","locations":[{"start":{"line":38,"column":14},"end":{"line":38,"column":20}},{"start":{"line":39,"column":14},"end":{"line":39,"column":20}}]},"4":{"line":41,"type":"binary-expr","locations":[{"start":{"line":41,"column":16},"end":{"line":41,"column":44}},{"start":{"line":41,"column":48},"end":{"line":41,"column":53}}]},"5":{"line":45,"type":"if","locations":[{"start":{"line":45,"column":8},"end":{"line":45,"column":8}},{"start":{"line":45,"column":8},"end":{"line":45,"column":8}}]}},"code":["/* istanbul instrument in package npmtest_node_lambda */","/*jslint","    bitwise: true,","    browser: true,","    maxerr: 8,","    maxlen: 96,","    node: true,","    nomen: true,","    regexp: true,","    stupid: true","*/","(function () {","    'use strict';","    var local;","","","","    // run shared js-env code - init-before","    (function () {","        // init local","        local = {};","        // init modeJs","        local.modeJs = (function () {","            try {","                return typeof navigator.userAgent === 'string' &&","                    typeof document.querySelector('body') === 'object' &&","                    typeof XMLHttpRequest.prototype.open === 'function' &&","                    'browser';","            } catch (errorCaughtBrowser) {","                return module.exports &&","                    typeof process.versions.node === 'string' &&","                    typeof require('http').createServer === 'function' &&","                    'node';","            }","        }());","        // init global","        local.global = local.modeJs === 'browser'","            ? window","            : global;","        // init utility2_rollup","        local = local.global.utility2_rollup || local;","        // init lib","        local.local = local.npmtest_node_lambda = local;","        // init exports","        if (local.modeJs === 'browser') {","            local.global.utility2_npmtest_node_lambda = local;","        } else {","            module.exports = local;","            module.exports.__dirname = __dirname;","            module.exports.module = module;","        }","    }());","}());",""],"l":{"12":2,"14":2,"19":2,"21":2,"23":2,"24":2,"25":2,"30":1,"37":2,"41":2,"43":2,"45":2,"46":1,"48":1,"49":1,"50":1}},"/home/travis/build/npmtest/node-npmtest-node-lambda/example.js":{"path":"/home/travis/build/npmtest/node-npmtest-node-lambda/example.js","s":{"1":2,"2":2,"3":2,"4":2,"5":2,"6":2,"7":2,"8":1,"9":2,"10":2,"11":2,"12":2,"13":1,"14":2,"15":2,"16":2,"17":2,"18":2,"19":0,"20":2,"21":1,"22":1,"23":1,"24":1,"25":1,"26":0,"27":0,"28":1,"29":1,"30":2,"31":0,"32":0,"33":0,"34":1,"35":2,"36":2,"37":3,"38":3,"39":3,"40":3,"41":0,"42":3,"43":3,"44":3,"45":1,"46":3,"47":1,"48":1,"49":1,"50":1,"51":1,"52":1,"53":1,"54":1,"55":1,"56":1,"57":0,"58":1,"59":6,"60":6,"61":1,"62":2,"63":0,"64":2,"65":1,"66":1,"67":0,"68":0,"69":0,"70":0,"71":0,"72":0,"73":0,"74":0,"75":0,"76":0,"77":0,"78":0,"79":0,"80":0,"81":0,"82":0,"83":0},"b":{"1":[2,1,1,1],"2":[1,1,1,1],"3":[1,1],"4":[2,2],"5":[1,1],"6":[1,1],"7":[2,0],"8":[2,1,1,1,1,1],"9":[0,2,0],"10":[1,1],"11":[2,1,1],"12":[1,0],"13":[0,2],"14":[2,0,0,0,0,0,0],"15":[0,3],"16":[3,0],"17":[1,1],"18":[0,1],"19":[1,2,0,2],"20":[1,0],"21":[1,1],"22":[0,0],"23":[0,0],"24":[0,0],"25":[0,0],"26":[0,0],"27":[0,0],"28":[0,0]},"f":{"1":2,"2":2,"3":2,"4":2,"5":2,"6":2,"7":3,"8":3,"9":3,"10":1,"11":6,"12":0},"fnMap":{"1":{"name":"(anonymous_1)","line":26,"loc":{"start":{"line":26,"column":1},"end":{"line":26,"column":13}}},"2":{"name":"(anonymous_2)","line":33,"loc":{"start":{"line":33,"column":5},"end":{"line":33,"column":17}}},"3":{"name":"(anonymous_3)","line":37,"loc":{"start":{"line":37,"column":24},"end":{"line":37,"column":36}}},"4":{"name":"(anonymous_4)","line":69,"loc":{"start":{"line":69,"column":31},"end":{"line":69,"column":48}},"skip":true},"5":{"name":"(anonymous_5)","line":78,"loc":{"start":{"line":78,"column":26},"end":{"line":78,"column":45}},"skip":true},"6":{"name":"(anonymous_6)","line":123,"loc":{"start":{"line":123,"column":33},"end":{"line":123,"column":48}},"skip":true},"7":{"name":"(anonymous_7)","line":125,"loc":{"start":{"line":125,"column":27},"end":{"line":125,"column":39}},"skip":true},"8":{"name":"(anonymous_8)","line":133,"loc":{"start":{"line":133,"column":59},"end":{"line":133,"column":74}},"skip":true},"9":{"name":"(anonymous_9)","line":143,"loc":{"start":{"line":143,"column":45},"end":{"line":143,"column":62}},"skip":true},"10":{"name":"(anonymous_10)","line":144,"loc":{"start":{"line":144,"column":73},"end":{"line":144,"column":92}},"skip":true},"11":{"name":"(anonymous_11)","line":272,"loc":{"start":{"line":272,"column":51},"end":{"line":272,"column":77}},"skip":true},"12":{"name":"(anonymous_12)","line":315,"loc":{"start":{"line":315,"column":32},"end":{"line":315,"column":61}},"skip":true}},"statementMap":{"1":{"start":{"line":26,"column":0},"end":{"line":326,"column":5}},"2":{"start":{"line":28,"column":4},"end":{"line":28,"column":14}},"3":{"start":{"line":33,"column":4},"end":{"line":60,"column":9}},"4":{"start":{"line":35,"column":8},"end":{"line":35,"column":19}},"5":{"start":{"line":37,"column":8},"end":{"line":49,"column":13}},"6":{"start":{"line":38,"column":12},"end":{"line":48,"column":13}},"7":{"start":{"line":39,"column":16},"end":{"line":42,"column":30}},"8":{"start":{"line":44,"column":16},"end":{"line":47,"column":27}},"9":{"start":{"line":51,"column":8},"end":{"line":53,"column":21}},"10":{"start":{"line":55,"column":8},"end":{"line":57,"column":45}},"11":{"start":{"line":59,"column":8},"end":{"line":59,"column":35}},"12":{"start":{"line":61,"column":4},"end":{"line":325,"column":5}},"13":{"start":{"line":69,"column":8},"end":{"line":121,"column":10},"skip":true},"14":{"start":{"line":70,"column":12},"end":{"line":88,"column":13},"skip":true},"15":{"start":{"line":76,"column":16},"end":{"line":87,"column":19},"skip":true},"16":{"start":{"line":79,"column":20},"end":{"line":86,"column":21},"skip":true},"17":{"start":{"line":82,"column":24},"end":{"line":82,"column":43},"skip":true},"18":{"start":{"line":83,"column":24},"end":{"line":83,"column":30},"skip":true},"19":{"start":{"line":85,"column":24},"end":{"line":85,"column":49},"skip":true},"20":{"start":{"line":89,"column":12},"end":{"line":107,"column":13},"skip":true},"21":{"start":{"line":92,"column":16},"end":{"line":102,"column":17},"skip":true},"22":{"start":{"line":93,"column":20},"end":{"line":93,"column":86},"skip":true},"23":{"start":{"line":94,"column":20},"end":{"line":95,"column":45},"skip":true},"24":{"start":{"line":96,"column":20},"end":{"line":96,"column":42},"skip":true},"25":{"start":{"line":97,"column":20},"end":{"line":97,"column":48},"skip":true},"26":{"start":{"line":100,"column":20},"end":{"line":100,"column":85},"skip":true},"27":{"start":{"line":101,"column":20},"end":{"line":101,"column":96},"skip":true},"28":{"start":{"line":103,"column":16},"end":{"line":103,"column":22},"skip":true},"29":{"start":{"line":106,"column":16},"end":{"line":106,"column":22},"skip":true},"30":{"start":{"line":108,"column":12},"end":{"line":120,"column":13},"skip":true},"31":{"start":{"line":114,"column":16},"end":{"line":119,"column":17},"skip":true},"32":{"start":{"line":116,"column":20},"end":{"line":116,"column":78},"skip":true},"33":{"start":{"line":118,"column":20},"end":{"line":118,"column":47},"skip":true},"34":{"start":{"line":123,"column":8},"end":{"line":141,"column":11},"skip":true},"35":{"start":{"line":124,"column":12},"end":{"line":124,"column":54},"skip":true},"36":{"start":{"line":125,"column":12},"end":{"line":140,"column":14},"skip":true},"37":{"start":{"line":126,"column":16},"end":{"line":126,"column":28},"skip":true},"38":{"start":{"line":127,"column":16},"end":{"line":127,"column":69},"skip":true},"39":{"start":{"line":128,"column":16},"end":{"line":128,"column":75},"skip":true},"40":{"start":{"line":129,"column":16},"end":{"line":131,"column":17},"skip":true},"41":{"start":{"line":130,"column":20},"end":{"line":130,"column":27},"skip":true},"42":{"start":{"line":133,"column":16},"end":{"line":137,"column":36},"skip":true},"43":{"start":{"line":134,"column":20},"end":{"line":136,"column":55},"skip":true},"44":{"start":{"line":139,"column":16},"end":{"line":139,"column":57},"skip":true},"45":{"start":{"line":143,"column":8},"end":{"line":147,"column":11},"skip":true},"46":{"start":{"line":144,"column":12},"end":{"line":146,"column":15},"skip":true},"47":{"start":{"line":145,"column":16},"end":{"line":145,"column":70},"skip":true},"48":{"start":{"line":149,"column":8},"end":{"line":149,"column":31},"skip":true},"49":{"start":{"line":150,"column":8},"end":{"line":150,"column":14},"skip":true},"50":{"start":{"line":158,"column":8},"end":{"line":158,"column":31},"skip":true},"51":{"start":{"line":160,"column":8},"end":{"line":160,"column":33},"skip":true},"52":{"start":{"line":161,"column":8},"end":{"line":161,"column":37},"skip":true},"53":{"start":{"line":162,"column":8},"end":{"line":162,"column":35},"skip":true},"54":{"start":{"line":164,"column":8},"end":{"line":164,"column":50},"skip":true},"55":{"start":{"line":166,"column":8},"end":{"line":256,"column":2},"skip":true},"56":{"start":{"line":258,"column":8},"end":{"line":286,"column":9},"skip":true},"57":{"start":{"line":259,"column":12},"end":{"line":269,"column":14},"skip":true},"58":{"start":{"line":271,"column":12},"end":{"line":285,"column":19},"skip":true},"59":{"start":{"line":274,"column":20},"end":{"line":274,"column":35},"skip":true},"60":{"start":{"line":275,"column":20},"end":{"line":284,"column":21},"skip":true},"61":{"start":{"line":277,"column":24},"end":{"line":277,"column":64},"skip":true},"62":{"start":{"line":279,"column":24},"end":{"line":279,"column":40},"skip":true},"63":{"start":{"line":281,"column":24},"end":{"line":281,"column":40},"skip":true},"64":{"start":{"line":283,"column":24},"end":{"line":283,"column":39},"skip":true},"65":{"start":{"line":288,"column":8},"end":{"line":290,"column":9},"skip":true},"66":{"start":{"line":289,"column":12},"end":{"line":289,"column":18},"skip":true},"67":{"start":{"line":291,"column":8},"end":{"line":293,"column":54},"skip":true},"68":{"start":{"line":296,"column":8},"end":{"line":301,"column":37},"skip":true},"69":{"start":{"line":303,"column":8},"end":{"line":303,"column":82},"skip":true},"70":{"start":{"line":306,"column":8},"end":{"line":308,"column":9},"skip":true},"71":{"start":{"line":307,"column":12},"end":{"line":307,"column":82},"skip":true},"72":{"start":{"line":310,"column":8},"end":{"line":312,"column":9},"skip":true},"73":{"start":{"line":311,"column":12},"end":{"line":311,"column":18},"skip":true},"74":{"start":{"line":313,"column":8},"end":{"line":313,"column":54},"skip":true},"75":{"start":{"line":314,"column":8},"end":{"line":314,"column":69},"skip":true},"76":{"start":{"line":315,"column":8},"end":{"line":323,"column":36},"skip":true},"77":{"start":{"line":316,"column":12},"end":{"line":316,"column":61},"skip":true},"78":{"start":{"line":317,"column":12},"end":{"line":320,"column":13},"skip":true},"79":{"start":{"line":318,"column":16},"end":{"line":318,"column":75},"skip":true},"80":{"start":{"line":319,"column":16},"end":{"line":319,"column":23},"skip":true},"81":{"start":{"line":321,"column":12},"end":{"line":321,"column":38},"skip":true},"82":{"start":{"line":322,"column":12},"end":{"line":322,"column":27},"skip":true},"83":{"start":{"line":324,"column":8},"end":{"line":324,"column":14},"skip":true}},"branchMap":{"1":{"line":39,"type":"binary-expr","locations":[{"start":{"line":39,"column":23},"end":{"line":39,"column":62}},{"start":{"line":40,"column":20},"end":{"line":40,"column":70}},{"start":{"line":41,"column":20},"end":{"line":41,"column":71}},{"start":{"line":42,"column":20},"end":{"line":42,"column":29}}]},"2":{"line":44,"type":"binary-expr","locations":[{"start":{"line":44,"column":23},"end":{"line":44,"column":37}},{"start":{"line":45,"column":20},"end":{"line":45,"column":61}},{"start":{"line":46,"column":20},"end":{"line":46,"column":70}},{"start":{"line":47,"column":20},"end":{"line":47,"column":26}}]},"3":{"line":51,"type":"cond-expr","locations":[{"start":{"line":52,"column":14},"end":{"line":52,"column":20}},{"start":{"line":53,"column":14},"end":{"line":53,"column":20}}]},"4":{"line":55,"type":"binary-expr","locations":[{"start":{"line":55,"column":16},"end":{"line":55,"column":44}},{"start":{"line":55,"column":49},"end":{"line":57,"column":43}}]},"5":{"line":55,"type":"cond-expr","locations":[{"start":{"line":56,"column":14},"end":{"line":56,"column":55}},{"start":{"line":57,"column":14},"end":{"line":57,"column":43}}]},"6":{"line":61,"type":"switch","locations":[{"start":{"line":68,"column":4},"end":{"line":150,"column":14},"skip":true},{"start":{"line":156,"column":4},"end":{"line":324,"column":14},"skip":true}]},"7":{"line":70,"type":"if","locations":[{"start":{"line":70,"column":12},"end":{"line":70,"column":12},"skip":true},{"start":{"line":70,"column":12},"end":{"line":70,"column":12},"skip":true}]},"8":{"line":70,"type":"binary-expr","locations":[{"start":{"line":70,"column":16},"end":{"line":70,"column":22},"skip":true},{"start":{"line":70,"column":27},"end":{"line":70,"column":32},"skip":true},{"start":{"line":71,"column":20},"end":{"line":71,"column":39},"skip":true},{"start":{"line":72,"column":20},"end":{"line":72,"column":49},"skip":true},{"start":{"line":73,"column":20},"end":{"line":73,"column":58},"skip":true},{"start":{"line":74,"column":20},"end":{"line":74,"column":69},"skip":true}]},"9":{"line":79,"type":"switch","locations":[{"start":{"line":80,"column":20},"end":{"line":80,"column":33},"skip":true},{"start":{"line":81,"column":20},"end":{"line":83,"column":30},"skip":true},{"start":{"line":84,"column":20},"end":{"line":85,"column":49},"skip":true}]},"10":{"line":89,"type":"switch","locations":[{"start":{"line":90,"column":12},"end":{"line":103,"column":22},"skip":true},{"start":{"line":105,"column":12},"end":{"line":106,"column":22},"skip":true}]},"11":{"line":89,"type":"binary-expr","locations":[{"start":{"line":89,"column":20},"end":{"line":89,"column":25},"skip":true},{"start":{"line":89,"column":29},"end":{"line":89,"column":48},"skip":true},{"start":{"line":89,"column":52},"end":{"line":89,"column":74},"skip":true}]},"12":{"line":92,"type":"if","locations":[{"start":{"line":92,"column":16},"end":{"line":92,"column":16},"skip":true},{"start":{"line":92,"column":16},"end":{"line":92,"column":16},"skip":true}]},"13":{"line":108,"type":"if","locations":[{"start":{"line":108,"column":12},"end":{"line":108,"column":12},"skip":true},{"start":{"line":108,"column":12},"end":{"line":108,"column":12},"skip":true}]},"14":{"line":108,"type":"binary-expr","locations":[{"start":{"line":108,"column":16},"end":{"line":108,"column":61},"skip":true},{"start":{"line":108,"column":66},"end":{"line":108,"column":72},"skip":true},{"start":{"line":108,"column":77},"end":{"line":108,"column":82},"skip":true},{"start":{"line":109,"column":20},"end":{"line":109,"column":39},"skip":true},{"start":{"line":110,"column":20},"end":{"line":110,"column":49},"skip":true},{"start":{"line":111,"column":20},"end":{"line":111,"column":58},"skip":true},{"start":{"line":112,"column":20},"end":{"line":112,"column":68},"skip":true}]},"15":{"line":129,"type":"if","locations":[{"start":{"line":129,"column":16},"end":{"line":129,"column":16},"skip":true},{"start":{"line":129,"column":16},"end":{"line":129,"column":16},"skip":true}]},"16":{"line":134,"type":"cond-expr","locations":[{"start":{"line":135,"column":26},"end":{"line":135,"column":29},"skip":true},{"start":{"line":136,"column":26},"end":{"line":136,"column":54},"skip":true}]},"17":{"line":164,"type":"binary-expr","locations":[{"start":{"line":164,"column":27},"end":{"line":164,"column":43},"skip":true},{"start":{"line":164,"column":47},"end":{"line":164,"column":49},"skip":true}]},"18":{"line":258,"type":"if","locations":[{"start":{"line":258,"column":8},"end":{"line":258,"column":8},"skip":true},{"start":{"line":258,"column":8},"end":{"line":258,"column":8},"skip":true}]},"19":{"line":275,"type":"switch","locations":[{"start":{"line":276,"column":20},"end":{"line":277,"column":64},"skip":true},{"start":{"line":278,"column":20},"end":{"line":279,"column":40},"skip":true},{"start":{"line":280,"column":20},"end":{"line":281,"column":40},"skip":true},{"start":{"line":282,"column":20},"end":{"line":283,"column":39},"skip":true}]},"20":{"line":288,"type":"if","locations":[{"start":{"line":288,"column":8},"end":{"line":288,"column":8},"skip":true},{"start":{"line":288,"column":8},"end":{"line":288,"column":8},"skip":true}]},"21":{"line":288,"type":"binary-expr","locations":[{"start":{"line":288,"column":12},"end":{"line":288,"column":40},"skip":true},{"start":{"line":288,"column":44},"end":{"line":288,"column":67},"skip":true}]},"22":{"line":292,"type":"binary-expr","locations":[{"start":{"line":292,"column":12},"end":{"line":292,"column":50},"skip":true},{"start":{"line":293,"column":12},"end":{"line":293,"column":53},"skip":true}]},"23":{"line":297,"type":"binary-expr","locations":[{"start":{"line":297,"column":12},"end":{"line":297,"column":69},"skip":true},{"start":{"line":298,"column":12},"end":{"line":301,"column":36},"skip":true}]},"24":{"line":303,"type":"binary-expr","locations":[{"start":{"line":303,"column":43},"end":{"line":303,"column":75},"skip":true},{"start":{"line":303,"column":79},"end":{"line":303,"column":81},"skip":true}]},"25":{"line":306,"type":"if","locations":[{"start":{"line":306,"column":8},"end":{"line":306,"column":8},"skip":true},{"start":{"line":306,"column":8},"end":{"line":306,"column":8},"skip":true}]},"26":{"line":310,"type":"if","locations":[{"start":{"line":310,"column":8},"end":{"line":310,"column":8},"skip":true},{"start":{"line":310,"column":8},"end":{"line":310,"column":8},"skip":true}]},"27":{"line":313,"type":"binary-expr","locations":[{"start":{"line":313,"column":27},"end":{"line":313,"column":43},"skip":true},{"start":{"line":313,"column":47},"end":{"line":313,"column":53},"skip":true}]},"28":{"line":317,"type":"if","locations":[{"start":{"line":317,"column":12},"end":{"line":317,"column":12},"skip":true},{"start":{"line":317,"column":12},"end":{"line":317,"column":12},"skip":true}]}},"code":["/*","example.js","","quickstart example","","instruction","    1. save this script as example.js","    2. run the shell command:","        $ npm install npmtest-node-lambda && PORT=8081 node example.js","    3. play with the browser-demo on http://127.0.0.1:8081","*/","","","","/* istanbul instrument in package npmtest_node_lambda */","/*jslint","    bitwise: true,","    browser: true,","    maxerr: 8,","    maxlen: 96,","    node: true,","    nomen: true,","    regexp: true,","    stupid: true","*/","(function () {","    'use strict';","    var local;","","","","    // run shared js-env code - init-before","    (function () {","        // init local","        local = {};","        // init modeJs","        local.modeJs = (function () {","            try {","                return typeof navigator.userAgent === 'string' &&","                    typeof document.querySelector('body') === 'object' &&","                    typeof XMLHttpRequest.prototype.open === 'function' &&","                    'browser';","            } catch (errorCaughtBrowser) {","                return module.exports &&","                    typeof process.versions.node === 'string' &&","                    typeof require('http').createServer === 'function' &&","                    'node';","            }","        }());","        // init global","        local.global = local.modeJs === 'browser'","            ? window","            : global;","        // init utility2_rollup","        local = local.global.utility2_rollup || (local.modeJs === 'browser'","            ? local.global.utility2_npmtest_node_lambda","            : global.utility2_moduleExports);","        // export local","        local.global.local = local;","    }());","    switch (local.modeJs) {","","","","    // init-after","    // run browser js-env code - init-after","    /* istanbul ignore next */","    case 'browser':","        local.testRunBrowser = function (event) {","            if (!event || (event &&","                    event.currentTarget &&","                    event.currentTarget.className &&","                    event.currentTarget.className.includes &&","                    event.currentTarget.className.includes('onreset'))) {","                // reset output","                Array.from(","                    document.querySelectorAll('body > .resettable')","                ).forEach(function (element) {","                    switch (element.tagName) {","                    case 'INPUT':","                    case 'TEXTAREA':","                        element.value = '';","                        break;","                    default:","                        element.textContent = '';","                    }","                });","            }","            switch (event && event.currentTarget && event.currentTarget.id) {","            case 'testRunButton1':","                // show tests","                if (document.querySelector('#testReportDiv1').style.display === 'none') {","                    document.querySelector('#testReportDiv1').style.display = 'block';","                    document.querySelector('#testRunButton1').textContent =","                        'hide internal test';","                    local.modeTest = true;","                    local.testRunDefault(local);","                // hide tests","                } else {","                    document.querySelector('#testReportDiv1').style.display = 'none';","                    document.querySelector('#testRunButton1').textContent = 'run internal test';","                }","                break;","            // custom-case","            default:","                break;","            }","            if (document.querySelector('#inputTextareaEval1') && (!event || (event &&","                    event.currentTarget &&","                    event.currentTarget.className &&","                    event.currentTarget.className.includes &&","                    event.currentTarget.className.includes('oneval')))) {","                // try to eval input-code","                try {","                    /*jslint evil: true*/","                    eval(document.querySelector('#inputTextareaEval1').value);","                } catch (errorCaught) {","                    console.error(errorCaught);","                }","            }","        };","        // log stderr and stdout to #outputTextareaStdout1","        ['error', 'log'].forEach(function (key) {","            console[key + '_original'] = console[key];","            console[key] = function () {","                var element;","                console[key + '_original'].apply(console, arguments);","                element = document.querySelector('#outputTextareaStdout1');","                if (!element) {","                    return;","                }","                // append text to #outputTextareaStdout1","                element.value += Array.from(arguments).map(function (arg) {","                    return typeof arg === 'string'","                        ? arg","                        : JSON.stringify(arg, null, 4);","                }).join(' ') + '\\n';","                // scroll textarea to bottom","                element.scrollTop = element.scrollHeight;","            };","        });","        // init event-handling","        ['change', 'click', 'keyup'].forEach(function (event) {","            Array.from(document.querySelectorAll('.on' + event)).forEach(function (element) {","                element.addEventListener(event, local.testRunBrowser);","            });","        });","        // run tests","        local.testRunBrowser();","        break;","","","","    // run node js-env code - init-after","    /* istanbul ignore next */","    case 'node':","        // export local","        module.exports = local;","        // require modules","        local.fs = require('fs');","        local.http = require('http');","        local.url = require('url');","        // init assets","        local.assetsDict = local.assetsDict || {};","        /* jslint-ignore-begin */","        local.assetsDict['/assets.index.template.html'] = '\\","<!doctype html>\\n\\","<html lang=\"en\">\\n\\","<head>\\n\\","<meta charset=\"UTF-8\">\\n\\","<meta name=\"viewport\" content=\"width=device-width, initial-scale=1\">\\n\\","<title>{{env.npm_package_name}} (v{{env.npm_package_version}})</title>\\n\\","<style>\\n\\","/*csslint\\n\\","    box-sizing: false,\\n\\","    universal-selector: false\\n\\","*/\\n\\","* {\\n\\","    box-sizing: border-box;\\n\\","}\\n\\","body {\\n\\","    background: #dde;\\n\\","    font-family: Arial, Helvetica, sans-serif;\\n\\","    margin: 2rem;\\n\\","}\\n\\","body > * {\\n\\","    margin-bottom: 1rem;\\n\\","}\\n\\",".utility2FooterDiv {\\n\\","    margin-top: 20px;\\n\\","    text-align: center;\\n\\","}\\n\\","</style>\\n\\","<style>\\n\\","/*csslint\\n\\","*/\\n\\","textarea {\\n\\","    font-family: monospace;\\n\\","    height: 10rem;\\n\\","    width: 100%;\\n\\","}\\n\\","textarea[readonly] {\\n\\","    background: #ddd;\\n\\","}\\n\\","</style>\\n\\","</head>\\n\\","<body>\\n\\","<!-- utility2-comment\\n\\","<div id=\"ajaxProgressDiv1\" style=\"background: #d00; height: 2px; left: 0; margin: 0; padding: 0; position: fixed; top: 0; transition: background 0.5s, width 1.5s; width: 25%;\"></div>\\n\\","utility2-comment -->\\n\\","<h1>\\n\\","<!-- utility2-comment\\n\\","    <a\\n\\","        {{#if env.npm_package_homepage}}\\n\\","        href=\"{{env.npm_package_homepage}}\"\\n\\","        {{/if env.npm_package_homepage}}\\n\\","        target=\"_blank\"\\n\\","    >\\n\\","utility2-comment -->\\n\\","        {{env.npm_package_name}} (v{{env.npm_package_version}})\\n\\","<!-- utility2-comment\\n\\","    </a>\\n\\","utility2-comment -->\\n\\","</h1>\\n\\","<h3>{{env.npm_package_description}}</h3>\\n\\","<!-- utility2-comment\\n\\","<h4><a download href=\"assets.app.js\">download standalone app</a></h4>\\n\\","<button class=\"onclick onreset\" id=\"testRunButton1\">run internal test</button><br>\\n\\","<div id=\"testReportDiv1\" style=\"display: none;\"></div>\\n\\","utility2-comment -->\\n\\","\\n\\","\\n\\","\\n\\","<label>stderr and stdout</label>\\n\\","<textarea class=\"resettable\" id=\"outputTextareaStdout1\" readonly></textarea>\\n\\","<!-- utility2-comment\\n\\","{{#if isRollup}}\\n\\","<script src=\"assets.app.js\"></script>\\n\\","{{#unless isRollup}}\\n\\","utility2-comment -->\\n\\","<script src=\"assets.utility2.rollup.js\"></script>\\n\\","<script src=\"jsonp.utility2._stateInit?callback=window.utility2._stateInit\"></script>\\n\\","<script src=\"assets.npmtest_node_lambda.rollup.js\"></script>\\n\\","<script src=\"assets.example.js\"></script>\\n\\","<script src=\"assets.test.js\"></script>\\n\\","<!-- utility2-comment\\n\\","{{/if isRollup}}\\n\\","utility2-comment -->\\n\\","<div class=\"utility2FooterDiv\">\\n\\","    [ this app was created with\\n\\","    <a href=\"https://github.com/kaizhu256/node-utility2\" target=\"_blank\">utility2</a>\\n\\","    ]\\n\\","</div>\\n\\","</body>\\n\\","</html>\\n\\","';","        /* jslint-ignore-end */","        if (local.templateRender) {","            local.assetsDict['/'] = local.templateRender(","                local.assetsDict['/assets.index.template.html'],","                {","                    env: local.objectSetDefault(local.env, {","                        npm_package_description: 'the greatest app in the world!',","                        npm_package_name: 'my-app',","                        npm_package_nameAlias: 'my_app',","                        npm_package_version: '0.0.1'","                    })","                }","            );","        } else {","            local.assetsDict['/'] = local.assetsDict['/assets.index.template.html']","                .replace((/\\{\\{env\\.(\\w+?)\\}\\}/g), function (match0, match1) {","                    // jslint-hack","                    String(match0);","                    switch (match1) {","                    case 'npm_package_description':","                        return 'the greatest app in the world!';","                    case 'npm_package_name':","                        return 'my-app';","                    case 'npm_package_nameAlias':","                        return 'my_app';","                    case 'npm_package_version':","                        return '0.0.1';","                    }","                });","        }","        // run the cli","        if (local.global.utility2_rollup || module !== require.main) {","            break;","        }","        local.assetsDict['/assets.example.js'] =","            local.assetsDict['/assets.example.js'] ||","            local.fs.readFileSync(__filename, 'utf8');","        // bug-workaround - long $npm_package_buildCustomOrg","        /* jslint-ignore-begin */","        local.assetsDict['/assets.npmtest_node_lambda.rollup.js'] =","            local.assetsDict['/assets.npmtest_node_lambda.rollup.js'] ||","            local.fs.readFileSync(","                local.npmtest_node_lambda.__dirname + '/lib.npmtest_node_lambda.js',","                'utf8'","            ).replace((/^#!/), '//');","        /* jslint-ignore-end */","        local.assetsDict['/favicon.ico'] = local.assetsDict['/favicon.ico'] || '';","        // if $npm_config_timeout_exit exists,","        // then exit this process after $npm_config_timeout_exit ms","        if (Number(process.env.npm_config_timeout_exit)) {","            setTimeout(process.exit, Number(process.env.npm_config_timeout_exit));","        }","        // start server","        if (local.global.utility2_serverHttp1) {","            break;","        }","        process.env.PORT = process.env.PORT || '8081';","        console.error('server starting on port ' + process.env.PORT);","        local.http.createServer(function (request, response) {","            request.urlParsed = local.url.parse(request.url);","            if (local.assetsDict[request.urlParsed.pathname] !== undefined) {","                response.end(local.assetsDict[request.urlParsed.pathname]);","                return;","            }","            response.statusCode = 404;","            response.end();","        }).listen(process.env.PORT);","        break;","    }","}());",""],"l":{"26":2,"28":2,"33":2,"35":2,"37":2,"38":2,"39":2,"44":1,"51":2,"55":2,"59":2,"61":2,"69":1,"70":2,"76":2,"79":2,"82":2,"83":2,"85":1,"89":2,"92":1,"93":1,"94":1,"96":1,"97":1,"100":1,"101":1,"103":1,"106":1,"108":2,"114":1,"116":1,"118":1,"123":1,"124":2,"125":2,"126":3,"127":3,"128":3,"129":3,"130":1,"133":3,"134":3,"139":3,"143":1,"144":3,"145":1,"149":1,"150":1,"158":1,"160":1,"161":1,"162":1,"164":1,"166":1,"258":1,"259":1,"271":1,"274":6,"275":6,"277":1,"279":2,"281":1,"283":2,"288":1,"289":1,"291":1,"296":1,"303":1,"306":1,"307":1,"310":1,"311":1,"313":1,"314":1,"315":1,"316":1,"317":1,"318":1,"319":1,"321":1,"322":1,"324":1}},"/home/travis/build/npmtest/node-npmtest-node-lambda/node_modules/node-lambda/lib/main.js":{"path":"/home/travis/build/npmtest/node-npmtest-node-lambda/node_modules/node-lambda/lib/main.js","s":{"1":1,"2":1,"3":1,"4":1,"5":1,"6":1,"7":1,"8":1,"9":1,"10":1,"11":1,"12":1,"13":1,"14":1,"15":1,"16":0,"17":0,"18":0,"19":0,"20":0,"21":1,"22":0,"23":0,"24":0,"25":0,"26":0,"27":0,"28":0,"29":1,"30":0,"31":0,"32":0,"33":0,"34":0,"35":0,"36":0,"37":0,"38":0,"39":0,"40":1,"41":0,"42":0,"43":0,"44":0,"45":0,"46":0,"47":0,"48":0,"49":0,"50":0,"51":0,"52":0,"53":0,"54":0,"55":0,"56":0,"57":0,"58":0,"59":0,"60":1,"61":0,"62":0,"63":0,"64":0,"65":0,"66":0,"67":0,"68":0,"69":0,"70":0,"71":0,"72":0,"73":1,"74":0,"75":0,"76":0,"77":0,"78":0,"79":0,"80":0,"81":0,"82":0,"83":0,"84":0,"85":0,"86":0,"87":1,"88":0,"89":0,"90":0,"91":0,"92":1,"93":0,"94":0,"95":0,"96":0,"97":0,"98":0,"99":0,"100":0,"101":0,"102":0,"103":0,"104":0,"105":0,"106":1,"107":0,"108":0,"109":0,"110":0,"111":1,"112":0,"113":0,"114":0,"115":0,"116":0,"117":0,"118":0,"119":0,"120":0,"121":0,"122":0,"123":0,"124":1,"125":0,"126":0,"127":0,"128":0,"129":0,"130":0,"131":0,"132":0,"133":0,"134":1,"135":0,"136":0,"137":0,"138":0,"139":0,"140":0,"141":1,"142":0,"143":0,"144":1,"145":0,"146":0,"147":0,"148":0,"149":0,"150":0,"151":0,"152":1,"153":0,"154":0,"155":0,"156":0,"157":0,"158":0,"159":1,"160":0,"161":0,"162":0,"163":0,"164":0,"165":1,"166":0,"167":0,"168":1,"169":0,"170":0,"171":0,"172":0,"173":0,"174":0,"175":0,"176":1,"177":0,"178":0,"179":0,"180":0,"181":0,"182":0,"183":0,"184":0,"185":0,"186":1,"187":0,"188":0,"189":0,"190":0,"191":0,"192":0,"193":0,"194":0,"195":0,"196":0,"197":0,"198":0,"199":0,"200":0,"201":0,"202":0,"203":0,"204":0,"205":0,"206":0,"207":0,"208":0,"209":0,"210":0,"211":1,"212":0,"213":0,"214":0,"215":0,"216":0,"217":1,"218":0,"219":0,"220":0,"221":0,"222":0,"223":0,"224":0,"225":0,"226":0,"227":0,"228":0,"229":0,"230":0,"231":0,"232":0,"233":0,"234":0,"235":0,"236":0,"237":0,"238":0,"239":0,"240":0,"241":0,"242":0,"243":0,"244":0,"245":0,"246":0,"247":0,"248":0,"249":0,"250":0,"251":1,"252":0,"253":0,"254":0,"255":0,"256":0,"257":0,"258":0,"259":1,"260":0,"261":0,"262":0,"263":0,"264":0,"265":0,"266":0,"267":0,"268":0,"269":0,"270":0,"271":0,"272":0,"273":0,"274":0,"275":0,"276":0,"277":0,"278":0,"279":0,"280":0,"281":1,"282":0,"283":0,"284":0,"285":0,"286":0,"287":0,"288":0,"289":0,"290":0,"291":0,"292":0,"293":0,"294":0,"295":0,"296":0,"297":0,"298":0,"299":0,"300":0,"301":0,"302":0,"303":0,"304":0,"305":0,"306":0,"307":0,"308":0,"309":0,"310":0,"311":0,"312":0,"313":0,"314":0,"315":0,"316":0,"317":0,"318":0,"319":0,"320":0,"321":0,"322":0,"323":0,"324":0,"325":0,"326":0,"327":0,"328":0,"329":0,"330":0,"331":0,"332":0,"333":0,"334":0,"335":1},"b":{"1":[0,0],"2":[0,0],"3":[0,0],"4":[0,0],"5":[0,0],"6":[0,0,0],"7":[0,0],"8":[0,0],"9":[0,0],"10":[0,0],"11":[0,0],"12":[0,0],"13":[0,0],"14":[0,0],"15":[0,0],"16":[0,0],"17":[0,0],"18":[0,0],"19":[0,0],"20":[0,0],"21":[0,0],"22":[0,0],"23":[0,0],"24":[0,0],"25":[0,0],"26":[0,0],"27":[0,0],"28":[0,0],"29":[0,0],"30":[0,0],"31":[0,0],"32":[0,0],"33":[0,0],"34":[0,0],"35":[0,0],"36":[0,0],"37":[0,0],"38":[0,0],"39":[0,0],"40":[0,0],"41":[0,0],"42":[0,0],"43":[0,0],"44":[0,0,0],"45":[0,0],"46":[0,0],"47":[0,0],"48":[0,0],"49":[0,0],"50":[0,0],"51":[0,0],"52":[0,0,0],"53":[0,0],"54":[0,0],"55":[0,0],"56":[0,0],"57":[0,0],"58":[0,0],"59":[0,0],"60":[0,0],"61":[0,0],"62":[0,0],"63":[0,0],"64":[0,0],"65":[0,0],"66":[0,0]},"f":{"1":1,"2":0,"3":0,"4":0,"5":0,"6":0,"7":0,"8":0,"9":0,"10":0,"11":0,"12":0,"13":0,"14":0,"15":0,"16":0,"17":0,"18":0,"19":0,"20":0,"21":0,"22":0,"23":0,"24":0,"25":0,"26":0,"27":0,"28":0,"29":0,"30":0,"31":0,"32":0,"33":0,"34":0,"35":0,"36":0,"37":0,"38":0,"39":0,"40":0,"41":0,"42":0,"43":0,"44":0,"45":0,"46":0,"47":0,"48":0,"49":0,"50":0,"51":0,"52":0,"53":0,"54":0,"55":0,"56":0,"57":0,"58":0,"59":0,"60":0,"61":0,"62":0,"63":0,"64":0,"65":0,"66":0,"67":0,"68":0,"69":0,"70":0,"71":0,"72":0,"73":0,"74":0,"75":0,"76":0,"77":0,"78":0,"79":0},"fnMap":{"1":{"name":"(anonymous_1)","line":16,"loc":{"start":{"line":16,"column":13},"end":{"line":16,"column":25}}},"2":{"name":"(anonymous_2)","line":22,"loc":{"start":{"line":22,"column":37},"end":{"line":22,"column":70}}},"3":{"name":"(anonymous_3)","line":32,"loc":{"start":{"line":32,"column":25},"end":{"line":32,"column":44}}},"4":{"name":"(anonymous_4)","line":43,"loc":{"start":{"line":43,"column":23},"end":{"line":43,"column":42}}},"5":{"name":"(anonymous_5)","line":61,"loc":{"start":{"line":61,"column":31},"end":{"line":61,"column":75}}},"6":{"name":"(anonymous_6)","line":66,"loc":{"start":{"line":66,"column":17},"end":{"line":66,"column":40}}},"7":{"name":"(anonymous_7)","line":79,"loc":{"start":{"line":79,"column":37},"end":{"line":79,"column":49}}},"8":{"name":"(anonymous_8)","line":97,"loc":{"start":{"line":97,"column":27},"end":{"line":97,"column":54}}},"9":{"name":"(anonymous_9)","line":147,"loc":{"start":{"line":147,"column":36},"end":{"line":147,"column":55}}},"10":{"name":"(anonymous_10)","line":154,"loc":{"start":{"line":154,"column":16},"end":{"line":154,"column":27}}},"11":{"name":"(anonymous_11)","line":178,"loc":{"start":{"line":178,"column":35},"end":{"line":178,"column":54}}},"12":{"name":"(anonymous_12)","line":186,"loc":{"start":{"line":186,"column":26},"end":{"line":186,"column":86}}},"13":{"name":"(anonymous_13)","line":195,"loc":{"start":{"line":195,"column":9},"end":{"line":195,"column":28}}},"14":{"name":"(anonymous_14)","line":199,"loc":{"start":{"line":199,"column":27},"end":{"line":199,"column":42}}},"15":{"name":"(anonymous_15)","line":212,"loc":{"start":{"line":212,"column":7},"end":{"line":212,"column":22}}},"16":{"name":"(anonymous_16)","line":222,"loc":{"start":{"line":222,"column":31},"end":{"line":222,"column":75}}},"17":{"name":"(anonymous_17)","line":226,"loc":{"start":{"line":226,"column":5},"end":{"line":226,"column":20}}},"18":{"name":"(anonymous_18)","line":235,"loc":{"start":{"line":235,"column":38},"end":{"line":235,"column":82}}},"19":{"name":"(anonymous_19)","line":241,"loc":{"start":{"line":241,"column":22},"end":{"line":241,"column":40}}},"20":{"name":"(anonymous_20)","line":245,"loc":{"start":{"line":245,"column":8},"end":{"line":245,"column":41}}},"21":{"name":"(anonymous_21)","line":261,"loc":{"start":{"line":261,"column":24},"end":{"line":261,"column":68}}},"22":{"name":"(anonymous_22)","line":270,"loc":{"start":{"line":270,"column":16},"end":{"line":270,"column":32}}},"23":{"name":"(anonymous_23)","line":277,"loc":{"start":{"line":277,"column":15},"end":{"line":277,"column":27}}},"24":{"name":"(anonymous_24)","line":283,"loc":{"start":{"line":283,"column":30},"end":{"line":283,"column":74}}},"25":{"name":"(anonymous_25)","line":291,"loc":{"start":{"line":291,"column":5},"end":{"line":291,"column":20}}},"26":{"name":"(anonymous_26)","line":301,"loc":{"start":{"line":301,"column":34},"end":{"line":301,"column":53}}},"27":{"name":"(anonymous_27)","line":307,"loc":{"start":{"line":307,"column":35},"end":{"line":307,"column":70}}},"28":{"name":"(anonymous_28)","line":308,"loc":{"start":{"line":308,"column":34},"end":{"line":308,"column":49}}},"29":{"name":"(anonymous_29)","line":313,"loc":{"start":{"line":313,"column":29},"end":{"line":313,"column":44}}},"30":{"name":"(anonymous_30)","line":323,"loc":{"start":{"line":323,"column":46},"end":{"line":323,"column":65}}},"31":{"name":"(anonymous_31)","line":336,"loc":{"start":{"line":336,"column":35},"end":{"line":336,"column":65}}},"32":{"name":"(anonymous_32)","line":341,"loc":{"start":{"line":341,"column":5},"end":{"line":341,"column":26}}},"33":{"name":"(anonymous_33)","line":357,"loc":{"start":{"line":357,"column":7},"end":{"line":357,"column":28}}},"34":{"name":"(anonymous_34)","line":363,"loc":{"start":{"line":363,"column":30},"end":{"line":363,"column":60}}},"35":{"name":"(anonymous_35)","line":364,"loc":{"start":{"line":364,"column":39},"end":{"line":364,"column":60}}},"36":{"name":"(anonymous_36)","line":369,"loc":{"start":{"line":369,"column":32},"end":{"line":369,"column":69}}},"37":{"name":"(anonymous_37)","line":377,"loc":{"start":{"line":377,"column":28},"end":{"line":377,"column":65}}},"38":{"name":"(anonymous_38)","line":386,"loc":{"start":{"line":386,"column":36},"end":{"line":386,"column":73}}},"39":{"name":"(anonymous_39)","line":389,"loc":{"start":{"line":389,"column":72},"end":{"line":389,"column":87}}},"40":{"name":"(anonymous_40)","line":402,"loc":{"start":{"line":402,"column":36},"end":{"line":402,"column":73}}},"41":{"name":"(anonymous_41)","line":416,"loc":{"start":{"line":416,"column":39},"end":{"line":416,"column":54}}},"42":{"name":"(anonymous_42)","line":422,"loc":{"start":{"line":422,"column":52},"end":{"line":422,"column":67}}},"43":{"name":"(anonymous_43)","line":427,"loc":{"start":{"line":427,"column":48},"end":{"line":427,"column":63}}},"44":{"name":"(anonymous_44)","line":432,"loc":{"start":{"line":432,"column":57},"end":{"line":432,"column":72}}},"45":{"name":"(anonymous_45)","line":449,"loc":{"start":{"line":449,"column":44},"end":{"line":449,"column":74}}},"46":{"name":"(anonymous_46)","line":450,"loc":{"start":{"line":450,"column":48},"end":{"line":450,"column":69}}},"47":{"name":"(anonymous_47)","line":459,"loc":{"start":{"line":459,"column":39},"end":{"line":459,"column":117}}},"48":{"name":"(anonymous_48)","line":510,"loc":{"start":{"line":510,"column":42},"end":{"line":510,"column":76}}},"49":{"name":"(anonymous_49)","line":514,"loc":{"start":{"line":514,"column":59},"end":{"line":514,"column":80}}},"50":{"name":"(anonymous_50)","line":520,"loc":{"start":{"line":520,"column":59},"end":{"line":520,"column":80}}},"51":{"name":"(anonymous_51)","line":526,"loc":{"start":{"line":526,"column":59},"end":{"line":526,"column":80}}},"52":{"name":"(anonymous_52)","line":531,"loc":{"start":{"line":531,"column":5},"end":{"line":531,"column":28}}},"53":{"name":"(anonymous_53)","line":536,"loc":{"start":{"line":536,"column":41},"end":{"line":536,"column":98}}},"54":{"name":"(anonymous_54)","line":537,"loc":{"start":{"line":537,"column":39},"end":{"line":537,"column":58}}},"55":{"name":"(anonymous_55)","line":538,"loc":{"start":{"line":538,"column":11},"end":{"line":538,"column":25}}},"56":{"name":"(anonymous_56)","line":540,"loc":{"start":{"line":540,"column":38},"end":{"line":540,"column":54}}},"57":{"name":"(anonymous_57)","line":542,"loc":{"start":{"line":542,"column":15},"end":{"line":542,"column":30}}},"58":{"name":"(anonymous_58)","line":546,"loc":{"start":{"line":546,"column":6},"end":{"line":546,"column":29}}},"59":{"name":"(anonymous_59)","line":551,"loc":{"start":{"line":551,"column":27},"end":{"line":551,"column":46}}},"60":{"name":"(anonymous_60)","line":571,"loc":{"start":{"line":571,"column":26},"end":{"line":571,"column":49}}},"61":{"name":"(anonymous_61)","line":579,"loc":{"start":{"line":579,"column":34},"end":{"line":579,"column":49}}},"62":{"name":"(anonymous_62)","line":588,"loc":{"start":{"line":588,"column":26},"end":{"line":588,"column":45}}},"63":{"name":"(anonymous_63)","line":591,"loc":{"start":{"line":591,"column":26},"end":{"line":591,"column":49}}},"64":{"name":"(anonymous_64)","line":602,"loc":{"start":{"line":602,"column":23},"end":{"line":602,"column":45}}},"65":{"name":"(anonymous_65)","line":633,"loc":{"start":{"line":633,"column":9},"end":{"line":633,"column":24}}},"66":{"name":"(anonymous_66)","line":636,"loc":{"start":{"line":636,"column":50},"end":{"line":636,"column":73}}},"67":{"name":"(anonymous_67)","line":644,"loc":{"start":{"line":644,"column":14},"end":{"line":644,"column":34}}},"68":{"name":"(anonymous_68)","line":646,"loc":{"start":{"line":646,"column":112},"end":{"line":646,"column":135}}},"69":{"name":"(anonymous_69)","line":650,"loc":{"start":{"line":650,"column":14},"end":{"line":650,"column":34}}},"70":{"name":"(anonymous_70)","line":651,"loc":{"start":{"line":651,"column":113},"end":{"line":651,"column":136}}},"71":{"name":"(anonymous_71)","line":655,"loc":{"start":{"line":655,"column":15},"end":{"line":655,"column":38}}},"72":{"name":"(anonymous_72)","line":664,"loc":{"start":{"line":664,"column":11},"end":{"line":664,"column":50}}},"73":{"name":"(anonymous_73)","line":669,"loc":{"start":{"line":669,"column":12},"end":{"line":669,"column":32}}},"74":{"name":"(anonymous_74)","line":670,"loc":{"start":{"line":670,"column":52},"end":{"line":670,"column":75}}},"75":{"name":"(anonymous_75)","line":676,"loc":{"start":{"line":676,"column":113},"end":{"line":676,"column":136}}},"76":{"name":"(anonymous_76)","line":681,"loc":{"start":{"line":681,"column":12},"end":{"line":681,"column":32}}},"77":{"name":"(anonymous_77)","line":682,"loc":{"start":{"line":682,"column":131},"end":{"line":682,"column":154}}},"78":{"name":"(anonymous_78)","line":686,"loc":{"start":{"line":686,"column":13},"end":{"line":686,"column":36}}},"79":{"name":"(anonymous_79)","line":691,"loc":{"start":{"line":691,"column":7},"end":{"line":691,"column":31}}}},"statementMap":{"1":{"start":{"line":3,"column":0},"end":{"line":3,"column":29}},"2":{"start":{"line":4,"column":0},"end":{"line":4,"column":41}},"3":{"start":{"line":5,"column":0},"end":{"line":5,"column":29}},"4":{"start":{"line":6,"column":0},"end":{"line":6,"column":23}},"5":{"start":{"line":7,"column":0},"end":{"line":7,"column":47}},"6":{"start":{"line":8,"column":0},"end":{"line":8,"column":27}},"7":{"start":{"line":9,"column":0},"end":{"line":9,"column":29}},"8":{"start":{"line":10,"column":0},"end":{"line":10,"column":36}},"9":{"start":{"line":11,"column":0},"end":{"line":11,"column":31}},"10":{"start":{"line":12,"column":0},"end":{"line":12,"column":50}},"11":{"start":{"line":14,"column":0},"end":{"line":14,"column":37}},"12":{"start":{"line":16,"column":0},"end":{"line":20,"column":2}},"13":{"start":{"line":17,"column":2},"end":{"line":17,"column":37}},"14":{"start":{"line":19,"column":2},"end":{"line":19,"column":14}},"15":{"start":{"line":22,"column":0},"end":{"line":30,"column":2}},"16":{"start":{"line":23,"column":2},"end":{"line":23,"column":47}},"17":{"start":{"line":24,"column":2},"end":{"line":24,"column":81}},"18":{"start":{"line":26,"column":2},"end":{"line":29,"column":3}},"19":{"start":{"line":27,"column":4},"end":{"line":27,"column":68}},"20":{"start":{"line":28,"column":4},"end":{"line":28,"column":60}},"21":{"start":{"line":32,"column":0},"end":{"line":41,"column":2}},"22":{"start":{"line":33,"column":2},"end":{"line":33,"column":32}},"23":{"start":{"line":34,"column":2},"end":{"line":34,"column":41}},"24":{"start":{"line":35,"column":2},"end":{"line":35,"column":58}},"25":{"start":{"line":36,"column":2},"end":{"line":36,"column":53}},"26":{"start":{"line":37,"column":2},"end":{"line":37,"column":62}},"27":{"start":{"line":38,"column":2},"end":{"line":38,"column":69}},"28":{"start":{"line":39,"column":2},"end":{"line":40,"column":25}},"29":{"start":{"line":43,"column":0},"end":{"line":59,"column":2}},"30":{"start":{"line":44,"column":2},"end":{"line":44,"column":58}},"31":{"start":{"line":45,"column":2},"end":{"line":45,"column":48}},"32":{"start":{"line":46,"column":2},"end":{"line":46,"column":41}},"33":{"start":{"line":47,"column":2},"end":{"line":47,"column":36}},"34":{"start":{"line":50,"column":2},"end":{"line":52,"column":3}},"35":{"start":{"line":51,"column":4},"end":{"line":51,"column":45}},"36":{"start":{"line":54,"column":2},"end":{"line":54,"column":69}},"37":{"start":{"line":55,"column":2},"end":{"line":55,"column":63}},"38":{"start":{"line":56,"column":2},"end":{"line":56,"column":67}},"39":{"start":{"line":58,"column":2},"end":{"line":58,"column":53}},"40":{"start":{"line":61,"column":0},"end":{"line":95,"column":2}},"41":{"start":{"line":63,"column":2},"end":{"line":63,"column":29}},"42":{"start":{"line":64,"column":2},"end":{"line":64,"column":54}},"43":{"start":{"line":66,"column":2},"end":{"line":77,"column":4}},"44":{"start":{"line":67,"column":4},"end":{"line":76,"column":5}},"45":{"start":{"line":68,"column":6},"end":{"line":68,"column":35}},"46":{"start":{"line":69,"column":6},"end":{"line":69,"column":23}},"47":{"start":{"line":71,"column":6},"end":{"line":71,"column":30}},"48":{"start":{"line":72,"column":6},"end":{"line":74,"column":7}},"49":{"start":{"line":73,"column":8},"end":{"line":73,"column":44}},"50":{"start":{"line":75,"column":6},"end":{"line":75,"column":22}},"51":{"start":{"line":79,"column":2},"end":{"line":82,"column":4}},"52":{"start":{"line":80,"column":4},"end":{"line":80,"column":33}},"53":{"start":{"line":81,"column":4},"end":{"line":81,"column":47}},"54":{"start":{"line":84,"column":2},"end":{"line":93,"column":3}},"55":{"start":{"line":86,"column":6},"end":{"line":86,"column":40}},"56":{"start":{"line":87,"column":4},"end":{"line":87,"column":10}},"57":{"start":{"line":89,"column":6},"end":{"line":89,"column":40}},"58":{"start":{"line":90,"column":4},"end":{"line":90,"column":10}},"59":{"start":{"line":92,"column":6},"end":{"line":92,"column":67}},"60":{"start":{"line":97,"column":0},"end":{"line":145,"column":2}},"61":{"start":{"line":98,"column":2},"end":{"line":120,"column":4}},"62":{"start":{"line":121,"column":2},"end":{"line":123,"column":3}},"63":{"start":{"line":122,"column":4},"end":{"line":122,"column":57}},"64":{"start":{"line":124,"column":2},"end":{"line":129,"column":3}},"65":{"start":{"line":125,"column":4},"end":{"line":128,"column":6}},"66":{"start":{"line":130,"column":2},"end":{"line":137,"column":3}},"67":{"start":{"line":131,"column":4},"end":{"line":131,"column":59}},"68":{"start":{"line":132,"column":4},"end":{"line":132,"column":44}},"69":{"start":{"line":134,"column":4},"end":{"line":136,"column":5}},"70":{"start":{"line":138,"column":2},"end":{"line":142,"column":3}},"71":{"start":{"line":139,"column":4},"end":{"line":141,"column":6}},"72":{"start":{"line":144,"column":2},"end":{"line":144,"column":16}},"73":{"start":{"line":147,"column":0},"end":{"line":173,"column":2}},"74":{"start":{"line":148,"column":2},"end":{"line":153,"column":3}},"75":{"start":{"line":149,"column":4},"end":{"line":152,"column":6}},"76":{"start":{"line":154,"column":2},"end":{"line":160,"column":7}},"77":{"start":{"line":155,"column":4},"end":{"line":159,"column":5}},"78":{"start":{"line":156,"column":6},"end":{"line":156,"column":54}},"79":{"start":{"line":158,"column":6},"end":{"line":158,"column":16}},"80":{"start":{"line":162,"column":2},"end":{"line":165,"column":3}},"81":{"start":{"line":164,"column":4},"end":{"line":164,"column":41}},"82":{"start":{"line":166,"column":2},"end":{"line":168,"column":3}},"83":{"start":{"line":167,"column":4},"end":{"line":167,"column":34}},"84":{"start":{"line":169,"column":2},"end":{"line":171,"column":3}},"85":{"start":{"line":170,"column":4},"end":{"line":170,"column":29}},"86":{"start":{"line":172,"column":2},"end":{"line":172,"column":14}},"87":{"start":{"line":178,"column":0},"end":{"line":184,"column":2}},"88":{"start":{"line":179,"column":2},"end":{"line":179,"column":35}},"89":{"start":{"line":180,"column":2},"end":{"line":180,"column":70}},"90":{"start":{"line":181,"column":2},"end":{"line":181,"column":49}},"91":{"start":{"line":183,"column":2},"end":{"line":183,"column":17}},"92":{"start":{"line":186,"column":0},"end":{"line":220,"column":2}},"93":{"start":{"line":187,"column":2},"end":{"line":188,"column":24}},"94":{"start":{"line":189,"column":2},"end":{"line":191,"column":3}},"95":{"start":{"line":190,"column":4},"end":{"line":190,"column":51}},"96":{"start":{"line":192,"column":2},"end":{"line":197,"column":17}},"97":{"start":{"line":196,"column":6},"end":{"line":196,"column":36}},"98":{"start":{"line":199,"column":2},"end":{"line":219,"column":5}},"99":{"start":{"line":200,"column":4},"end":{"line":202,"column":5}},"100":{"start":{"line":201,"column":6},"end":{"line":201,"column":27}},"101":{"start":{"line":205,"column":4},"end":{"line":205,"column":81}},"102":{"start":{"line":209,"column":4},"end":{"line":218,"column":7}},"103":{"start":{"line":213,"column":6},"end":{"line":215,"column":7}},"104":{"start":{"line":214,"column":8},"end":{"line":214,"column":29}},"105":{"start":{"line":217,"column":6},"end":{"line":217,"column":34}},"106":{"start":{"line":222,"column":0},"end":{"line":233,"column":2}},"107":{"start":{"line":223,"column":2},"end":{"line":232,"column":5}},"108":{"start":{"line":227,"column":4},"end":{"line":229,"column":5}},"109":{"start":{"line":228,"column":6},"end":{"line":228,"column":27}},"110":{"start":{"line":231,"column":4},"end":{"line":231,"column":32}},"111":{"start":{"line":235,"column":0},"end":{"line":259,"column":2}},"112":{"start":{"line":236,"column":2},"end":{"line":236,"column":42}},"113":{"start":{"line":237,"column":2},"end":{"line":237,"column":63}},"114":{"start":{"line":239,"column":2},"end":{"line":239,"column":60}},"115":{"start":{"line":241,"column":2},"end":{"line":257,"column":5}},"116":{"start":{"line":242,"column":4},"end":{"line":256,"column":5}},"117":{"start":{"line":243,"column":6},"end":{"line":243,"column":71}},"118":{"start":{"line":244,"column":6},"end":{"line":253,"column":9}},"119":{"start":{"line":247,"column":8},"end":{"line":252,"column":9}},"120":{"start":{"line":248,"column":10},"end":{"line":248,"column":72}},"121":{"start":{"line":250,"column":10},"end":{"line":250,"column":39}},"122":{"start":{"line":251,"column":10},"end":{"line":251,"column":25}},"123":{"start":{"line":255,"column":6},"end":{"line":255,"column":21}},"124":{"start":{"line":261,"column":0},"end":{"line":281,"column":2}},"125":{"start":{"line":263,"column":2},"end":{"line":266,"column":4}},"126":{"start":{"line":268,"column":2},"end":{"line":268,"column":67}},"127":{"start":{"line":269,"column":2},"end":{"line":280,"column":7}},"128":{"start":{"line":271,"column":6},"end":{"line":275,"column":7}},"129":{"start":{"line":272,"column":8},"end":{"line":272,"column":49}},"130":{"start":{"line":273,"column":8},"end":{"line":273,"column":66}},"131":{"start":{"line":274,"column":8},"end":{"line":274,"column":36}},"132":{"start":{"line":278,"column":6},"end":{"line":278,"column":39}},"133":{"start":{"line":279,"column":6},"end":{"line":279,"column":34}},"134":{"start":{"line":283,"column":0},"end":{"line":299,"column":2}},"135":{"start":{"line":284,"column":2},"end":{"line":285,"column":37}},"136":{"start":{"line":287,"column":2},"end":{"line":298,"column":5}},"137":{"start":{"line":292,"column":4},"end":{"line":294,"column":5}},"138":{"start":{"line":293,"column":6},"end":{"line":293,"column":33}},"139":{"start":{"line":296,"column":4},"end":{"line":296,"column":40}},"140":{"start":{"line":297,"column":4},"end":{"line":297,"column":25}},"141":{"start":{"line":301,"column":0},"end":{"line":305,"column":2}},"142":{"start":{"line":302,"column":2},"end":{"line":302,"column":31}},"143":{"start":{"line":304,"column":2},"end":{"line":304,"column":73}},"144":{"start":{"line":307,"column":0},"end":{"line":321,"column":2}},"145":{"start":{"line":308,"column":2},"end":{"line":320,"column":5}},"146":{"start":{"line":309,"column":4},"end":{"line":311,"column":5}},"147":{"start":{"line":310,"column":6},"end":{"line":310,"column":16}},"148":{"start":{"line":313,"column":4},"end":{"line":319,"column":7}},"149":{"start":{"line":314,"column":6},"end":{"line":316,"column":7}},"150":{"start":{"line":315,"column":8},"end":{"line":315,"column":18}},"151":{"start":{"line":318,"column":6},"end":{"line":318,"column":34}},"152":{"start":{"line":323,"column":0},"end":{"line":334,"column":2}},"153":{"start":{"line":324,"column":2},"end":{"line":324,"column":57}},"154":{"start":{"line":325,"column":2},"end":{"line":325,"column":42}},"155":{"start":{"line":327,"column":2},"end":{"line":333,"column":3}},"156":{"start":{"line":328,"column":4},"end":{"line":330,"column":5}},"157":{"start":{"line":329,"column":6},"end":{"line":329,"column":15}},"158":{"start":{"line":332,"column":4},"end":{"line":332,"column":31}},"159":{"start":{"line":336,"column":0},"end":{"line":361,"column":2}},"160":{"start":{"line":337,"column":2},"end":{"line":360,"column":5}},"161":{"start":{"line":342,"column":4},"end":{"line":344,"column":5}},"162":{"start":{"line":343,"column":6},"end":{"line":343,"column":27}},"163":{"start":{"line":346,"column":4},"end":{"line":359,"column":7}},"164":{"start":{"line":358,"column":6},"end":{"line":358,"column":27}},"165":{"start":{"line":363,"column":0},"end":{"line":367,"column":2}},"166":{"start":{"line":364,"column":2},"end":{"line":366,"column":5}},"167":{"start":{"line":365,"column":4},"end":{"line":365,"column":25}},"168":{"start":{"line":369,"column":0},"end":{"line":384,"column":2}},"169":{"start":{"line":370,"column":2},"end":{"line":373,"column":3}},"170":{"start":{"line":371,"column":4},"end":{"line":371,"column":75}},"171":{"start":{"line":372,"column":4},"end":{"line":372,"column":33}},"172":{"start":{"line":374,"column":2},"end":{"line":374,"column":55}},"173":{"start":{"line":378,"column":2},"end":{"line":380,"column":3}},"174":{"start":{"line":379,"column":4},"end":{"line":379,"column":56}},"175":{"start":{"line":381,"column":2},"end":{"line":383,"column":53}},"176":{"start":{"line":386,"column":0},"end":{"line":400,"column":2}},"177":{"start":{"line":387,"column":2},"end":{"line":387,"column":51}},"178":{"start":{"line":388,"column":2},"end":{"line":388,"column":19}},"179":{"start":{"line":389,"column":2},"end":{"line":399,"column":5}},"180":{"start":{"line":390,"column":4},"end":{"line":392,"column":5}},"181":{"start":{"line":391,"column":6},"end":{"line":391,"column":35}},"182":{"start":{"line":394,"column":4},"end":{"line":394,"column":49}},"183":{"start":{"line":395,"column":4},"end":{"line":395,"column":79}},"184":{"start":{"line":396,"column":4},"end":{"line":396,"column":34}},"185":{"start":{"line":398,"column":4},"end":{"line":398,"column":54}},"186":{"start":{"line":402,"column":0},"end":{"line":447,"column":2}},"187":{"start":{"line":403,"column":2},"end":{"line":403,"column":41}},"188":{"start":{"line":406,"column":2},"end":{"line":406,"column":51}},"189":{"start":{"line":407,"column":2},"end":{"line":411,"column":3}},"190":{"start":{"line":408,"column":4},"end":{"line":410,"column":39}},"191":{"start":{"line":413,"column":2},"end":{"line":413,"column":19}},"192":{"start":{"line":414,"column":2},"end":{"line":414,"column":52}},"193":{"start":{"line":416,"column":2},"end":{"line":446,"column":5}},"194":{"start":{"line":417,"column":4},"end":{"line":419,"column":5}},"195":{"start":{"line":418,"column":6},"end":{"line":418,"column":35}},"196":{"start":{"line":420,"column":4},"end":{"line":420,"column":58}},"197":{"start":{"line":422,"column":4},"end":{"line":445,"column":7}},"198":{"start":{"line":423,"column":6},"end":{"line":425,"column":7}},"199":{"start":{"line":424,"column":8},"end":{"line":424,"column":37}},"200":{"start":{"line":426,"column":6},"end":{"line":426,"column":57}},"201":{"start":{"line":427,"column":6},"end":{"line":444,"column":9}},"202":{"start":{"line":428,"column":8},"end":{"line":430,"column":9}},"203":{"start":{"line":429,"column":10},"end":{"line":429,"column":39}},"204":{"start":{"line":432,"column":8},"end":{"line":443,"column":11}},"205":{"start":{"line":433,"column":10},"end":{"line":435,"column":11}},"206":{"start":{"line":434,"column":12},"end":{"line":434,"column":41}},"207":{"start":{"line":437,"column":10},"end":{"line":437,"column":55}},"208":{"start":{"line":439,"column":10},"end":{"line":439,"column":85}},"209":{"start":{"line":440,"column":10},"end":{"line":440,"column":40}},"210":{"start":{"line":442,"column":10},"end":{"line":442,"column":60}},"211":{"start":{"line":449,"column":0},"end":{"line":457,"column":2}},"212":{"start":{"line":450,"column":2},"end":{"line":456,"column":5}},"213":{"start":{"line":451,"column":4},"end":{"line":451,"column":33}},"214":{"start":{"line":452,"column":4},"end":{"line":454,"column":5}},"215":{"start":{"line":453,"column":6},"end":{"line":453,"column":53}},"216":{"start":{"line":455,"column":4},"end":{"line":455,"column":40}},"217":{"start":{"line":459,"column":0},"end":{"line":534,"column":2}},"218":{"start":{"line":460,"column":2},"end":{"line":460,"column":33}},"219":{"start":{"line":462,"column":2},"end":{"line":489,"column":3}},"220":{"start":{"line":463,"column":4},"end":{"line":463,"column":27}},"221":{"start":{"line":464,"column":4},"end":{"line":476,"column":5}},"222":{"start":{"line":465,"column":6},"end":{"line":475,"column":7}},"223":{"start":{"line":466,"column":8},"end":{"line":466,"column":26}},"224":{"start":{"line":467,"column":8},"end":{"line":473,"column":11}},"225":{"start":{"line":474,"column":8},"end":{"line":474,"column":14}},"226":{"start":{"line":479,"column":4},"end":{"line":488,"column":5}},"227":{"start":{"line":480,"column":6},"end":{"line":487,"column":9}},"228":{"start":{"line":492,"column":2},"end":{"line":508,"column":3}},"229":{"start":{"line":493,"column":4},"end":{"line":493,"column":27}},"230":{"start":{"line":494,"column":4},"end":{"line":499,"column":5}},"231":{"start":{"line":495,"column":6},"end":{"line":498,"column":7}},"232":{"start":{"line":496,"column":8},"end":{"line":496,"column":26}},"233":{"start":{"line":497,"column":8},"end":{"line":497,"column":14}},"234":{"start":{"line":502,"column":4},"end":{"line":507,"column":5}},"235":{"start":{"line":503,"column":6},"end":{"line":506,"column":9}},"236":{"start":{"line":510,"column":2},"end":{"line":533,"column":5}},"237":{"start":{"line":511,"column":4},"end":{"line":530,"column":5}},"238":{"start":{"line":513,"column":8},"end":{"line":513,"column":41}},"239":{"start":{"line":514,"column":8},"end":{"line":516,"column":11}},"240":{"start":{"line":515,"column":10},"end":{"line":515,"column":32}},"241":{"start":{"line":517,"column":8},"end":{"line":517,"column":14}},"242":{"start":{"line":519,"column":8},"end":{"line":519,"column":41}},"243":{"start":{"line
[...]
Lambda.prototype._updateEventSources = function (lambda, functionName, existingEventSourceList, eventSourceList, cb) {","  var updateEventSourceList = [];","  // Checking new and update event sources","  for (var i in eventSourceList) {","    var isExisting = false;","    for (var j in existingEventSourceList) {","      if (eventSourceList[i]['EventSourceArn'] === existingEventSourceList[j]['EventSourceArn']) {","        isExisting = true;","        updateEventSourceList.push({","          'type': 'update',","          'FunctionName': functionName,","          'Enabled': eventSourceList[i]['Enabled'],","          'BatchSize': eventSourceList[i]['BatchSize'],","          'UUID': existingEventSourceList[j]['UUID']","        });","        break;","      }","    }","","    // If it is new source","    if (!isExisting) {","      updateEventSourceList.push({","        'type': 'create',","        'FunctionName': functionName,","        'EventSourceArn': eventSourceList[i]['EventSourceArn'],","        'Enabled': eventSourceList[i]['Enabled'] ? eventSourceList[i]['Enabled'] : false,","        'BatchSize': eventSourceList[i]['BatchSize'] ? eventSourceList[i]['BatchSize'] : 100,","        'StartingPosition': eventSourceList[i]['StartingPosition'] ? eventSourceList[i]['StartingPosition'] : 'LATEST',","      });","    }","  }","","  // Checking delete event sources","  for (var i in existingEventSourceList) {","    var isExisting = false;","    for (var j in eventSourceList) {","      if (eventSourceList[j]['EventSourceArn'] === existingEventSourceList[i]['EventSourceArn']) {","        isExisting = true;","        break;","      }","    }","","    // If delete the source","    if (!isExisting) {","      updateEventSourceList.push({","        'type': 'delete',","        'UUID': existingEventSourceList[i]['UUID']","      });","    }","  }","","  return async.map(updateEventSourceList, function (updateEventSource, _cb) {","    switch(updateEventSource['type']) {","      case 'create':","        delete updateEventSource['type'];","        lambda.createEventSourceMapping(updateEventSource, function (err, data) {","          return _cb(err, data);","        });","        break;","      case 'update':","        delete updateEventSource['type'];","        lambda.updateEventSourceMapping(updateEventSource, function (err, data) {","          return _cb(err, data);","        });","        break;","      case 'delete':","        delete updateEventSource['type'];","        lambda.deleteEventSourceMapping(updateEventSource, function (err, data) {","          return _cb(err, data);","        });","        break;","    }","  }, function(err, results) {","    return cb(err, results);","  });","};","","Lambda.prototype._updateScheduleEvents = function (scheduleEvents, functionArn, scheduleList, cb) {","  return async.series(scheduleList.map(function(schedule) {","    return function(_cb) {","      const params = Object.assign(schedule, { FunctionArn: functionArn });","      scheduleEvents.add(params).then(function (data) {","        _cb(null, params);","      }).catch(function (err) {","        _cb(err);","      });","    };","  }), function(err, results) {","    cb(err, results);","  });","};","","Lambda.prototype.package = function (program) {","  var _this = this;","  if (!program.packageDirectory) {","    throw 'packageDirectory not specified!';","  }","  try {","    var isDir = fs.lstatSync(program.packageDirectory).isDirectory();","","    if (!isDir) {","      throw program.packageDirectory + ' is not a directory!';","    }","  } catch(err) {","    if (err.code === 'ENOENT') {","      console.log('=> Creating package directory');","      fs.mkdirsSync(program.packageDirectory);","    } else {","      throw err;","    }","  }","","  _this._archive(program, function (err, buffer) {","    if (err) {","      throw err;","    }","","    var basename = program.functionName + (program.environment ? '-' + program.environment : '');","    var zipfile = path.join(program.packageDirectory, basename + '.zip');","    console.log('=> Writing packaged zip');","    fs.writeFile(zipfile, buffer, function (err) {","      if (err) {","        throw err;","      }","      console.log('Packaged zip created: ' + zipfile);","    });","  });","};","","Lambda.prototype.deploy = function (program) {","  var _this = this;","  var regions = program.region.split(',');","  _this._archive(program, function (err, buffer) {","    if (err) {","      throw err;","    }","","    console.log('=> Reading zip file to memory');","    var params = _this._params(program, buffer);","","    console.log('=> Reading event source file to memory');","    var eventSourceList = _this._eventSourceList(program);","","    async.map(regions, function (region, cb) {","      console.log('=> Uploading zip file to AWS Lambda ' + region + ' with parameters:');","      console.log(params);","","      var aws_security = {","        region: region","      };","","      if (program.profile) {","        aws.config.credentials = new aws.SharedIniFileCredentials({","          profile: program.profile","        });","      } else {","        aws_security.accessKeyId = program.accessKey;","        aws_security.secretAccessKey = program.secretKey;","      }","","      if (program.sessionToken) {","        aws_security.sessionToken = program.sessionToken;","      }","","      aws.config.update(aws_security);","","      var lambda = new aws.Lambda({","        apiVersion: '2015-03-31'","      });","      var scheduleEvents = new ScheduleEvents(aws);","","      // Checking function","      return lambda.getFunction({","        'FunctionName': params.FunctionName","      }, function (err) {","        if (err) {","          // Function does not exist","          return _this._uploadNew(lambda, params, function(err, results) {","            if (err) {","              throw err;","            }","            console.log('=> Zip file(s) done uploading. Results follow: ');","            console.log(results);","","            async.parallel([","              function(_callback) {","                // Updating event source(s)","                _this._updateEventSources(lambda, params.FunctionName, [], eventSourceList.EventSourceMappings, function(err, results) {","                  _callback(null, results);","                });","              },","              function(_callback) {","                _this._updateScheduleEvents(scheduleEvents, results.FunctionArn, eventSourceList.ScheduleEvents, function(err, results) {","                  _callback(err, results);","                });","              }","            ], function(err, results) {","              cb(err, results);","            });","          });","        }","","        // Function exists","        _this._listEventSourceMappings(lambda, {","          'FunctionName': params.FunctionName","        }, function(err, existingEventSourceList) {","          if (err) {","            throw err;","          }","          return async.parallel([","            function(_callback) {","              _this._uploadExisting(lambda, params, function(err, results) {","                if (err) {","                  throw err;","                }","                console.log('=> Zip file(s) done uploading. Results follow: ');","                console.log(results);","                _this._updateScheduleEvents(scheduleEvents, results.FunctionArn, eventSourceList.ScheduleEvents, function(err, results) {","                  _callback(err, results);","                });","              });","            },","            function(_callback) {","              _this._updateEventSources(lambda, params.FunctionName, existingEventSourceList, eventSourceList.EventSourceMappings, function(err, results) {","                _callback(err, results);","              });","            }","          ], function(err, results) {","            cb(err, results);","          });","        });","      });","    }, function (err, results) {","      if (err) {","        throw err;","      }","      console.log('=> All tasks done. Results follow: ');","      console.log(JSON.stringify(results, null, ' '));","    });","  });","};","","","module.exports = new Lambda();",""],"l":{"3":1,"4":1,"5":1,"6":1,"7":1,"8":1,"9":1,"10":1,"11":1,"12":1,"14":1,"16":1,"17":1,"19":1,"22":1,"23":0,"24":0,"26":0,"27":0,"28":0,"32":1,"33":0,"34":0,"35":0,"36":0,"37":0,"38":0,"39":0,"43":1,"44":0,"45":0,"46":0,"47":0,"50":0,"51":0,"54":0,"55":0,"56":0,"58":0,"61":1,"63":0,"64":0,"66":0,"67":0,"68":0,"69":0,"71":0,"72":0,"73":0,"75":0,"79":0,"80":0,"81":0,"84":0,"86":0,"87":0,"89":0,"90":0,"92":0,"97":1,"98":0,"121":0,"122":0,"124":0,"125":0,"130":0,"131":0,"132":0,"134":0,"138":0,"139":0,"144":0,"147":1,"148":0,"149":0,"154":0,"155":0,"156":0,"158":0,"162":0,"164":0,"166":0,"167":0,"169":0,"170":0,"172":0,"178":1,"179":0,"180":0,"181":0,"183":0,"186":1,"187":0,"189":0,"190":0,"192":0,"196":0,"199":0,"200":0,"201":0,"205":0,"209":0,"213":0,"214":0,"217":0,"222":1,"223":0,"227":0,"228":0,"231":0,"235":1,"236":0,"237":0,"239":0,"241":0,"242":0,"243":0,"244":0,"247":0,"248":0,"250":0,"251":0,"255":0,"261":1,"263":0,"268":0,"269":0,"271":0,"272":0,"273":0,"274":0,"278":0,"279":0,"283":1,"284":0,"287":0,"292":0,"293":0,"296":0,"297":0,"301":1,"302":0,"304":0,"307":1,"308":0,"309":0,"310":0,"313":0,"314":0,"315":0,"318":0,"323":1,"324":0,"325":0,"327":0,"328":0,"329":0,"332":0,"336":1,"337":0,"342":0,"343":0,"346":0,"358":0,"363":1,"364":0,"365":0,"369":1,"370":0,"371":0,"372":0,"374":0,"378":0,"379":0,"381":0,"386":1,"387":0,"388":0,"389":0,"390":0,"391":0,"394":0,"395":0,"396":0,"398":0,"402":1,"403":0,"406":0,"407":0,"408":0,"413":0,"414":0,"416":0,"417":0,"418":0,"420":0,"422":0,"423":0,"424":0,"426":0,"427":0,"428":0,"429":0,"432":0,"433":0,"434":0,"437":0,"439":0,"440":0,"442":0,"449":1,"450":0,"451":0,"452":0,"453":0,"455":0,"459":1,"460":0,"462":0,"463":0,"464":0,"465":0,"466":0,"467":0,"474":0,"479":0,"480":0,"492":0,"493":0,"494":0,"495":0,"496":0,"497":0,"502":0,"503":0,"510":0,"511":0,"513":0,"514":0,"515":0,"517":0,"519":0,"520":0,"521":0,"523":0,"525":0,"526":0,"527":0,"529":0,"532":0,"536":1,"537":0,"538":0,"539":0,"540":0,"541":0,"543":0,"547":0,"551":1,"552":0,"553":0,"554":0,"556":0,"557":0,"559":0,"560":0,"563":0,"564":0,"565":0,"567":0,"571":0,"572":0,"573":0,"576":0,"577":0,"578":0,"579":0,"580":0,"581":0,"583":0,"588":1,"589":0,"590":0,"591":0,"592":0,"593":0,"596":0,"597":0,"599":0,"600":0,"602":0,"603":0,"604":0,"606":0,"610":0,"611":0,"615":0,"616":0,"619":0,"620":0,"623":0,"625":0,"628":0,"631":0,"634":0,"636":0,"637":0,"638":0,"640":0,"641":0,"643":0,"646":0,"647":0,"651":0,"652":0,"656":0,"662":0,"665":0,"666":0,"668":0,"670":0,"671":0,"672":0,"674":0,"675":0,"676":0,"677":0,"682":0,"683":0,"687":0,"692":0,"693":0,"695":0,"696":0,"702":1}},"/home/travis/build/npmtest/node-npmtest-node-lambda/node_modules/node-lambda/lib/schedule_events.js":{"path":"/home/travis/build/npmtest/node-npmtest-node-lambda/node_modules/node-lambda/lib/schedule_events.js","s":{"1":1,"2":0,"3":0,"4":1,"5":0,"6":0,"7":0,"8":0,"9":0,"10":0,"11":0,"12":0,"13":0,"14":0,"15":0,"16":0,"17":0,"18":0,"19":0,"20":0,"21":0,"22":0,"23":0,"24":0,"25":0,"26":0,"27":0,"28":0,"29":0,"30":0,"31":0,"32":0,"33":0,"34":0,"35":0,"36":0,"37":0,"38":1},"b":{"1":[0,0],"2":[0,0],"3":[0,0],"4":[0,0]},"f":{"1":0,"2":0,"3":0,"4":0,"5":0,"6":0,"7":0,"8":0},"fnMap":{"1":{"name":"(anonymous_1)","line":3,"loc":{"start":{"line":3,"column":23},"end":{"line":3,"column":37}}},"2":{"name":"(anonymous_2)","line":22,"loc":{"start":{"line":22,"column":17},"end":{"line":22,"column":34}}},"3":{"name":"(anonymous_3)","line":31,"loc":{"start":{"line":31,"column":12},"end":{"line":31,"column":29}}},"4":{"name":"(anonymous_4)","line":43,"loc":{"start":{"line":43,"column":24},"end":{"line":43,"column":41}}},"5":{"name":"(anonymous_5)","line":53,"loc":{"start":{"line":53,"column":18},"end":{"line":53,"column":35}}},"6":{"name":"(anonymous_6)","line":68,"loc":{"start":{"line":68,"column":21},"end":{"line":68,"column":38}}},"7":{"name":"(anonymous_7)","line":78,"loc":{"start":{"line":78,"column":15},"end":{"line":78,"column":32}}},"8":{"name":"(anonymous_8)","line":90,"loc":{"start":{"line":90,"column":7},"end":{"line":90,"column":24}}}},"statementMap":{"1":{"start":{"line":3,"column":0},"end":{"line":11,"column":2}},"2":{"start":{"line":5,"column":2},"end":{"line":7,"column":5}},"3":{"start":{"line":8,"column":2},"end":{"line":10,"column":5}},"4":{"start":{"line":13,"column":0},"end":{"line":100,"column":2}},"5":{"start":{"line":15,"column":4},"end":{"line":15,"column":67}},"6":{"start":{"line":19,"column":4},"end":{"line":19,"column":47}},"7":{"start":{"line":23,"column":4},"end":{"line":28,"column":6}},"8":{"start":{"line":32,"column":4},"end":{"line":32,"column":23}},"9":{"start":{"line":34,"column":4},"end":{"line":40,"column":7}},"10":{"start":{"line":35,"column":6},"end":{"line":35,"column":50}},"11":{"start":{"line":36,"column":6},"end":{"line":39,"column":9}},"12":{"start":{"line":37,"column":8},"end":{"line":37,"column":27}},"13":{"start":{"line":37,"column":17},"end":{"line":37,"column":27}},"14":{"start":{"line":38,"column":8},"end":{"line":38,"column":22}},"15":{"start":{"line":44,"column":4},"end":{"line":50,"column":6}},"16":{"start":{"line":54,"column":4},"end":{"line":54,"column":23}},"17":{"start":{"line":55,"column":4},"end":{"line":65,"column":7}},"18":{"start":{"line":56,"column":6},"end":{"line":56,"column":57}},"19":{"start":{"line":57,"column":6},"end":{"line":64,"column":9}},"20":{"start":{"line":58,"column":8},"end":{"line":62,"column":9}},"21":{"start":{"line":59,"column":10},"end":{"line":59,"column":65}},"22":{"start":{"line":59,"column":55},"end":{"line":59,"column":65}},"23":{"start":{"line":61,"column":10},"end":{"line":61,"column":47}},"24":{"start":{"line":63,"column":8},"end":{"line":63,"column":22}},"25":{"start":{"line":69,"column":4},"end":{"line":75,"column":6}},"26":{"start":{"line":79,"column":4},"end":{"line":79,"column":23}},"27":{"start":{"line":80,"column":4},"end":{"line":87,"column":7}},"28":{"start":{"line":81,"column":6},"end":{"line":81,"column":54}},"29":{"start":{"line":82,"column":6},"end":{"line":86,"column":9}},"30":{"start":{"line":84,"column":8},"end":{"line":84,"column":28}},"31":{"start":{"line":84,"column":17},"end":{"line":84,"column":28}},"32":{"start":{"line":85,"column":8},"end":{"line":85,"column":22}},"33":{"start":{"line":91,"column":4},"end":{"line":91,"column":23}},"34":{"start":{"line":92,"column":4},"end":{"line":98,"column":7}},"35":{"start":{"line":93,"column":6},"end":{"line":93,"column":36}},"36":{"start":{"line":95,"column":6},"end":{"line":95,"column":63}},"37":{"start":{"line":97,"column":6},"end":{"line":97,"column":39}},"38":{"start":{"line":102,"column":0},"end":{"line":102,"column":32}}},"branchMap":{"1":{"line":37,"type":"if","locations":[{"start":{"line":37,"column":8},"end":{"line":37,"column":8}},{"start":{"line":37,"column":8},"end":{"line":37,"column":8}}]},"2":{"line":58,"type":"if","locations":[{"start":{"line":58,"column":8},"end":{"line":58,"column":8}},{"start":{"line":58,"column":8},"end":{"line":58,"column":8}}]},"3":{"line":59,"type":"if","locations":[{"start":{"line":59,"column":10},"end":{"line":59,"column":10}},{"start":{"line":59,"column":10},"end":{"line":59,"column":10}}]},"4":{"line":84,"type":"if","locations":[{"start":{"line":84,"column":8},"end":{"line":84,"column":8}},{"start":{"line":84,"column":8},"end":{"line":84,"column":8}}]}},"code":["'use strict';","","const ScheduleEvents = function(aws) {","  // Authenticated `aws` object in `lib/main.js`","  this.lambda = new aws.Lambda({","    apiVersion: '2015-03-31'","  });","  this.cloudwatchevents = new aws.CloudWatchEvents({","    apiVersion: '2015-10-07'","  });","};","","ScheduleEvents.prototype = {","  _ruleDescription: (params) => {","    return `${params.ScheduleName} - ${params.ScheduleExpression}`;","  },","","  _functionName: (params) => {","    return params.FunctionArn.split(':').pop();","  },","","  _putRulePrams: function(params) {","    return {","      Name: params.ScheduleName,","      Description: this._ruleDescription(params),","      State: params.ScheduleState,","      ScheduleExpression: params.ScheduleExpression","    };","  },","","  _putRule: function(params) {","    const _this = this;","    // return RuleArn if created","    return new Promise((resolve) => {","      const _params = _this._putRulePrams(params);","      _this.cloudwatchevents.putRule(_params, (err, rule) => {","        if (err) throw err;","        resolve(rule);","      });","    });","  },","","  _addPermissionParams: function(params) {","    return {","      Action: 'lambda:InvokeFunction',","      FunctionName: this._functionName(params),","      Principal: 'events.amazonaws.com',","      SourceArn: params.RuleArn,","      StatementId: params.ScheduleName","    };","  },","","  _addPermission: function(params) {","    const _this = this;","    return new Promise((resolve) => {","      const _params = _this._addPermissionParams(params);","      _this.lambda.addPermission(_params, (err, data) => {","        if (err) {","          if (err.code != 'ResourceConflictException') throw err;","          // If it exists it will result in an error but there is no problem.","          resolve('Already exists permission');","        }","        resolve(data);","      });","    });","  },","","  _putTargetsParams: function(params) {","    return {","      Rule: params.ScheduleName,","      Targets: [{","        Arn: params.FunctionArn,","        Id: this._functionName(params)","      }]","    };","  },","","  _putTargets: function(params) {","    const _this = this;","    return new Promise((resolve) => {","      const _params = _this._putTargetsParams(params);","      _this.cloudwatchevents.putTargets(_params, (err, data) => {","        // even if it is already registered, it will not be an error.","        if (err) throw(err);","        resolve(data);","      });","    });","  },","","  add: function(params) {","    const _this = this;","    return Promise.resolve().then(() => {","      return _this._putRule(params);","    }).then((rule) => {","      return _this._addPermission(Object.assign(params, rule));","    }).then((data) => {","      return _this._putTargets(params);","    });","  },","};","","module.exports = ScheduleEvents;",""],"l":{"3":1,"5":0,"8":0,"13":1,"15":0,"19":0,"23":0,"32":0,"34":0,"35":0,"36":0,"37":0,"38":0,"44":0,"54":0,"55":0,"56":0,"57":0,"58":0,"59":0,"61":0,"63":0,"69":0,"79":0,"80":0,"81":0,"82":0,"84":0,"85":0,"91":0,"92":0,"93":0,"95":0,"97":0,"102":1}},"/home/travis/build/npmtest/node-npmtest-node-lambda/node_modules/node-lambda/index.js":{"path":"/home/travis/build/npmtest/node-npmtest-node-lambda/node_modules/node-lambda/index.js","s":{"1":1,"2":0,"3":0,"4":0,"5":0,"6":0,"7":0},"b":{},"f":{"1":0},"fnMap":{"1":{"name":"(anonymous_1)","line":2,"loc":{"start":{"line":2,"column":18},"end":{"line":2,"column":45}}}},"statementMap":{"1":{"start":{"line":2,"column":0},"end":{"line":9,"column":2}},"2":{"start":{"line":3,"column":2},"end":{"line":3,"column":41}},"3":{"start":{"line":4,"column":2},"end":{"line":4,"column":53}},"4":{"start":{"line":5,"column":2},"end":{"line":5,"column":32}},"5":{"start":{"line":6,"column":2},"end":{"line":6,"column":53}},"6":{"start":{"line":7,"column":2},"end":{"line":7,"column":42}},"7":{"start":{"line":8,"column":2},"end":{"line":8,"column":18}}},"branchMap":{},"code":["// For development/testing purposes","exports.handler = function( event, context ) {","  console.log( \"Running index.handler\" );","  console.log( \"==================================\");","  console.log( \"event\", event );","  console.log( \"==================================\");","  console.log( \"Stopping index.handler\" );","  context.done( );","};",""],"l":{"2":1,"3":0,"4":0,"5":0,"6":0,"7":0,"8":0}}}